[22:19:39.652 Verbose] - BuildManager - C:\Users\HARIN\source\repos\Capstone-2023-EVE\Extremely Casual Game Organizer\MvcPresentation\Models\ManageViewModels.cs(90,9): error CS0656: Missing compiler required member 'Microsoft.CodeAnalysis.Runtime.Instrumentation.CreatePayload'
[22:19:39.652 Verbose] - BuildManager - C:\Users\HARIN\source\repos\Capstone-2023-EVE\Extremely Casual Game Organizer\MvcPresentation\Models\ManageViewModels.cs(90,9): error CS0656: Missing compiler required member 'Microsoft.CodeAnalysis.Runtime.Instrumentation.CreatePayload'
[22:19:39.652 Verbose] - BuildManager - C:\Users\HARIN\source\repos\Capstone-2023-EVE\Extremely Casual Game Organizer\MvcPresentation\App_Start\IdentityConfig.cs(38,9): error CS0656: Missing compiler required member 'Microsoft.CodeAnalysis.Runtime.Instrumentation.CreatePayload'
[22:19:39.652 Verbose] - BuildManager - C:\Users\HARIN\source\repos\Capstone-2023-EVE\Extremely Casual Game Organizer\MvcPresentation\App_Start\IdentityConfig.cs(94,9): error CS0656: Missing compiler required member 'Microsoft.CodeAnalysis.Runtime.Instrumentation.CreatePayload'
[22:19:39.652 Verbose] - BuildManager - C:\Users\HARIN\source\repos\Capstone-2023-EVE\Extremely Casual Game Organizer\MvcPresentation\App_Start\IdentityConfig.cs(38,9): error CS0656: Missing compiler required member 'Microsoft.CodeAnalysis.Runtime.Instrumentation.CreatePayload'
[22:19:39.652 Verbose] - BuildManager - C:\Users\HARIN\source\repos\Capstone-2023-EVE\Extremely Casual Game Organizer\MvcPresentation\App_Start\IdentityConfig.cs(94,9): error CS0656: Missing compiler required member 'Microsoft.CodeAnalysis.Runtime.Instrumentation.CreatePayload'
[22:19:39.652 Verbose] - BuildManager - C:\Users\HARIN\source\repos\Capstone-2023-EVE\Extremely Casual Game Organizer\MvcPresentation\Models\ManageViewModels.cs(90,9): error CS0656: Missing compiler required member 'Microsoft.CodeAnalysis.Runtime.Instrumentation.CreatePayload'
[22:19:39.652 Verbose] - BuildManager - C:\Users\HARIN\source\repos\Capstone-2023-EVE\Extremely Casual Game Organizer\MvcPresentation\Models\ManageViewModels.cs(90,9): error CS0656: Missing compiler required member 'Microsoft.CodeAnalysis.Runtime.Instrumentation.CreatePayload'
[22:19:39.652 Verbose] - BuildManager - C:\Users\HARIN\source\repos\Capstone-2023-EVE\Extremely Casual Game Organizer\MvcPresentation\App_Start\FilterConfig.cs(9,9): error CS0656: Missing compiler required member 'Microsoft.CodeAnalysis.Runtime.Instrumentation.CreatePayload'
[22:19:39.652 Verbose] - BuildManager - C:\Users\HARIN\source\repos\Capstone-2023-EVE\Extremely Casual Game Organizer\MvcPresentation\App_Start\FilterConfig.cs(9,9): error CS0656: Missing compiler required member 'Microsoft.CodeAnalysis.Runtime.Instrumentation.CreatePayload'
[22:19:39.652 Verbose] - BuildManager - C:\Users\HARIN\source\repos\Capstone-2023-EVE\Extremely Casual Game Organizer\MvcPresentation\App_Start\IdentityConfig.cs(20,9): error CS0656: Missing compiler required member 'Microsoft.CodeAnalysis.Runtime.Instrumentation.CreatePayload'
[22:19:39.652 Verbose] - BuildManager - C:\Users\HARIN\source\repos\Capstone-2023-EVE\Extremely Casual Game Organizer\MvcPresentation\App_Start\IdentityConfig.cs(29,9): error CS0656: Missing compiler required member 'Microsoft.CodeAnalysis.Runtime.Instrumentation.CreatePayload'
[22:19:39.652 Verbose] - BuildManager - C:\Users\HARIN\source\repos\Capstone-2023-EVE\Extremely Casual Game Organizer\MvcPresentation\App_Start\IdentityConfig.cs(20,9): error CS0656: Missing compiler required member 'Microsoft.CodeAnalysis.Runtime.Instrumentation.CreatePayload'
[22:19:39.652 Verbose] - BuildManager - C:\Users\HARIN\source\repos\Capstone-2023-EVE\Extremely Casual Game Organizer\MvcPresentation\App_Start\IdentityConfig.cs(29,9): error CS0656: Missing compiler required member 'Microsoft.CodeAnalysis.Runtime.Instrumentation.CreatePayload'
[22:19:39.652 Verbose] - BuildManager - C:\Users\HARIN\source\repos\Capstone-2023-EVE\Extremely Casual Game Organizer\MvcPresentation\Models\ManageViewModels.cs(91,9): error CS0656: Missing compiler required member 'Microsoft.CodeAnalysis.Runtime.Instrumentation.CreatePayload'
[22:19:39.652 Verbose] - BuildManager - C:\Users\HARIN\source\repos\Capstone-2023-EVE\Extremely Casual Game Organizer\MvcPresentation\Models\ManageViewModels.cs(91,9): error CS0656: Missing compiler required member 'Microsoft.CodeAnalysis.Runtime.Instrumentation.CreatePayload'
[22:19:39.652 Verbose] - BuildManager - C:\Users\HARIN\source\repos\Capstone-2023-EVE\Extremely Casual Game Organizer\MvcPresentation\App_Start\FilterConfig.cs(6,5): error CS0656: Missing compiler required member 'Microsoft.CodeAnalysis.Runtime.Instrumentation.CreatePayload'
[22:19:39.652 Verbose] - BuildManager - C:\Users\HARIN\source\repos\Capstone-2023-EVE\Extremely Casual Game Organizer\MvcPresentation\App_Start\FilterConfig.cs(6,5): error CS0656: Missing compiler required member 'Microsoft.CodeAnalysis.Runtime.Instrumentation.CreatePayload'
[22:19:39.652 Verbose] - BuildManager - C:\Users\HARIN\source\repos\Capstone-2023-EVE\Extremely Casual Game Organizer\MvcPresentation\App_Start\IdentityConfig.cs(17,5): error CS0656: Missing compiler required member 'Microsoft.CodeAnalysis.Runtime.Instrumentation.CreatePayload'
[22:19:39.652 Verbose] - BuildManager - C:\Users\HARIN\source\repos\Capstone-2023-EVE\Extremely Casual Game Organizer\MvcPresentation\App_Start\IdentityConfig.cs(17,5): error CS0656: Missing compiler required member 'Microsoft.CodeAnalysis.Runtime.Instrumentation.CreatePayload'
[22:19:39.652 Verbose] - BuildManager - C:\Users\HARIN\source\repos\Capstone-2023-EVE\Extremely Casual Game Organizer\MvcPresentation\App_Start\IdentityConfig.cs(26,5): error CS0656: Missing compiler required member 'Microsoft.CodeAnalysis.Runtime.Instrumentation.CreatePayload'
[22:19:39.652 Verbose] - BuildManager - C:\Users\HARIN\source\repos\Capstone-2023-EVE\Extremely Casual Game Organizer\MvcPresentation\App_Start\IdentityConfig.cs(26,5): error CS0656: Missing compiler required member 'Microsoft.CodeAnalysis.Runtime.Instrumentation.CreatePayload'
[22:19:39.652 Verbose] - BuildManager - C:\Users\HARIN\source\repos\Capstone-2023-EVE\Extremely Casual Game Organizer\MvcPresentation\Models\ManageViewModels.cs(91,9): error CS0656: Missing compiler required member 'Microsoft.CodeAnalysis.Runtime.Instrumentation.CreatePayload'
[22:19:39.652 Verbose] - BuildManager - C:\Users\HARIN\source\repos\Capstone-2023-EVE\Extremely Casual Game Organizer\MvcPresentation\Models\ManageViewModels.cs(91,9): error CS0656: Missing compiler required member 'Microsoft.CodeAnalysis.Runtime.Instrumentation.CreatePayload'
[22:19:39.652 Verbose] - BuildManager - C:\Users\HARIN\source\repos\Capstone-2023-EVE\Extremely Casual Game Organizer\MvcPresentation\Models\ManageViewModels.cs(88,5): error CS0656: Missing compiler required member 'Microsoft.CodeAnalysis.Runtime.Instrumentation.CreatePayload'
[22:19:39.652 Verbose] - BuildManager - C:\Users\HARIN\source\repos\Capstone-2023-EVE\Extremely Casual Game Organizer\MvcPresentation\Models\ManageViewModels.cs(88,5): error CS0656: Missing compiler required member 'Microsoft.CodeAnalysis.Runtime.Instrumentation.CreatePayload'
[22:19:39.652 Verbose] - BuildManager - C:\Users\HARIN\source\repos\Capstone-2023-EVE\Extremely Casual Game Organizer\MvcPresentation\App_Start\IdentityConfig.cs(100,9): error CS0656: Missing compiler required member 'Microsoft.CodeAnalysis.Runtime.Instrumentation.CreatePayload'
[22:19:39.652 Verbose] - BuildManager - C:\Users\HARIN\source\repos\Capstone-2023-EVE\Extremely Casual Game Organizer\MvcPresentation\App_Start\IdentityConfig.cs(100,9): error CS0656: Missing compiler required member 'Microsoft.CodeAnalysis.Runtime.Instrumentation.CreatePayload'
[22:19:39.652 Verbose] - BuildManager - C:\Users\HARIN\source\repos\Capstone-2023-EVE\Extremely Casual Game Organizer\MvcPresentation\Models\ManageViewModels.cs(78,9): error CS0656: Missing compiler required member 'Microsoft.CodeAnalysis.Runtime.Instrumentation.CreatePayload'
[22:19:39.652 Verbose] - BuildManager - C:\Users\HARIN\source\repos\Capstone-2023-EVE\Extremely Casual Game Organizer\MvcPresentation\Models\ManageViewModels.cs(78,9): error CS0656: Missing compiler required member 'Microsoft.CodeAnalysis.Runtime.Instrumentation.CreatePayload'
[22:19:39.652 Verbose] - BuildManager - C:\Users\HARIN\source\repos\Capstone-2023-EVE\Extremely Casual Game Organizer\MvcPresentation\Models\ManageViewModels.cs(78,9): error CS0656: Missing compiler required member 'Microsoft.CodeAnalysis.Runtime.Instrumentation.CreatePayload'
[22:19:39.652 Verbose] - BuildManager - C:\Users\HARIN\source\repos\Capstone-2023-EVE\Extremely Casual Game Organizer\MvcPresentation\Models\ManageViewModels.cs(78,9): error CS0656: Missing compiler required member 'Microsoft.CodeAnalysis.Runtime.Instrumentation.CreatePayload'
[22:19:39.652 Verbose] - BuildManager - C:\Users\HARIN\source\repos\Capstone-2023-EVE\Extremely Casual Game Organizer\MvcPresentation\Models\ManageViewModels.cs(82,9): error CS0656: Missing compiler required member 'Microsoft.CodeAnalysis.Runtime.Instrumentation.CreatePayload'
[22:19:39.652 Verbose] - BuildManager - C:\Users\HARIN\source\repos\Capstone-2023-EVE\Extremely Casual Game Organizer\MvcPresentation\Models\ManageViewModels.cs(82,9): error CS0656: Missing compiler required member 'Microsoft.CodeAnalysis.Runtime.Instrumentation.CreatePayload'
[22:19:39.652 Verbose] - BuildManager - C:\Users\HARIN\source\repos\Capstone-2023-EVE\Extremely Casual Game Organizer\MvcPresentation\Models\ManageViewModels.cs(82,9): error CS0656: Missing compiler required member 'Microsoft.CodeAnalysis.Runtime.Instrumentation.CreatePayload'
[22:19:39.652 Verbose] - BuildManager - C:\Users\HARIN\source\repos\Capstone-2023-EVE\Extremely Casual Game Organizer\MvcPresentation\Models\ManageViewModels.cs(82,9): error CS0656: Missing compiler required member 'Microsoft.CodeAnalysis.Runtime.Instrumentation.CreatePayload'
[22:19:39.652 Verbose] - BuildManager - C:\Users\HARIN\source\repos\Capstone-2023-EVE\Extremely Casual Game Organizer\MvcPresentation\Models\ManageViewModels.cs(76,5): error CS0656: Missing compiler required member 'Microsoft.CodeAnalysis.Runtime.Instrumentation.CreatePayload'
[22:19:39.652 Verbose] - BuildManager - C:\Users\HARIN\source\repos\Capstone-2023-EVE\Extremely Casual Game Organizer\MvcPresentation\Models\ManageViewModels.cs(76,5): error CS0656: Missing compiler required member 'Microsoft.CodeAnalysis.Runtime.Instrumentation.CreatePayload'
[22:19:39.652 Verbose] - BuildManager - C:\Users\HARIN\source\repos\Capstone-2023-EVE\Extremely Casual Game Organizer\MvcPresentation\App_Start\IdentityConfig.cs(105,9): error CS0656: Missing compiler required member 'Microsoft.CodeAnalysis.Runtime.Instrumentation.CreatePayload'
[22:19:39.652 Verbose] - BuildManager - C:\Users\HARIN\source\repos\Capstone-2023-EVE\Extremely Casual Game Organizer\MvcPresentation\App_Start\IdentityConfig.cs(105,9): error CS0656: Missing compiler required member 'Microsoft.CodeAnalysis.Runtime.Instrumentation.CreatePayload'
[22:19:39.652 Verbose] - BuildManager - C:\Users\HARIN\source\repos\Capstone-2023-EVE\Extremely Casual Game Organizer\MvcPresentation\App_Start\RouteConfig.cs(13,9): error CS0656: Missing compiler required member 'Microsoft.CodeAnalysis.Runtime.Instrumentation.CreatePayload'
[22:19:39.652 Verbose] - BuildManager - C:\Users\HARIN\source\repos\Capstone-2023-EVE\Extremely Casual Game Organizer\MvcPresentation\App_Start\RouteConfig.cs(13,9): error CS0656: Missing compiler required member 'Microsoft.CodeAnalysis.Runtime.Instrumentation.CreatePayload'
[22:19:39.652 Verbose] - BuildManager - C:\Users\HARIN\source\repos\Capstone-2023-EVE\Extremely Casual Game Organizer\MvcPresentation\Models\ManageViewModels.cs(70,9): error CS0656: Missing compiler required member 'Microsoft.CodeAnalysis.Runtime.Instrumentation.CreatePayload'
[22:19:39.652 Verbose] - BuildManager - C:\Users\HARIN\source\repos\Capstone-2023-EVE\Extremely Casual Game Organizer\MvcPresentation\Models\ManageViewModels.cs(70,9): error CS0656: Missing compiler required member 'Microsoft.CodeAnalysis.Runtime.Instrumentation.CreatePayload'
[22:19:39.652 Verbose] - BuildManager - C:\Users\HARIN\source\repos\Capstone-2023-EVE\Extremely Casual Game Organizer\MvcPresentation\App_Start\RouteConfig.cs(10,5): error CS0656: Missing compiler required member 'Microsoft.CodeAnalysis.Runtime.Instrumentation.CreatePayload'
[22:19:39.652 Verbose] - BuildManager - C:\Users\HARIN\source\repos\Capstone-2023-EVE\Extremely Casual Game Organizer\MvcPresentation\App_Start\RouteConfig.cs(10,5): error CS0656: Missing compiler required member 'Microsoft.CodeAnalysis.Runtime.Instrumentation.CreatePayload'
[22:19:39.652 Verbose] - BuildManager - C:\Users\HARIN\source\repos\Capstone-2023-EVE\Extremely Casual Game Organizer\MvcPresentation\Migrations\Configuration.cs(14,9): error CS0656: Missing compiler required member 'Microsoft.CodeAnalysis.Runtime.Instrumentation.CreatePayload'
[22:19:39.652 Verbose] - BuildManager - C:\Users\HARIN\source\repos\Capstone-2023-EVE\Extremely Casual Game Organizer\MvcPresentation\Migrations\Configuration.cs(14,9): error CS0656: Missing compiler required member 'Microsoft.CodeAnalysis.Runtime.Instrumentation.CreatePayload'
[22:19:39.652 Verbose] - BuildManager - C:\Users\HARIN\source\repos\Capstone-2023-EVE\Extremely Casual Game Organizer\MvcPresentation\Global.asax.cs(14,9): error CS0656: Missing compiler required member 'Microsoft.CodeAnalysis.Runtime.Instrumentation.CreatePayload'
[22:19:39.652 Verbose] - BuildManager - C:\Users\HARIN\source\repos\Capstone-2023-EVE\Extremely Casual Game Organizer\MvcPresentation\Global.asax.cs(14,9): error CS0656: Missing compiler required member 'Microsoft.CodeAnalysis.Runtime.Instrumentation.CreatePayload'
[22:19:39.652 Verbose] - BuildManager - C:\Users\HARIN\source\repos\Capstone-2023-EVE\Extremely Casual Game Organizer\MvcPresentation\Global.asax.cs(11,5): error CS0656: Missing compiler required member 'Microsoft.CodeAnalysis.Runtime.Instrumentation.CreatePayload'
[22:19:39.652 Verbose] - BuildManager - C:\Users\HARIN\source\repos\Capstone-2023-EVE\Extremely Casual Game Organizer\MvcPresentation\Global.asax.cs(11,5): error CS0656: Missing compiler required member 'Microsoft.CodeAnalysis.Runtime.Instrumentation.CreatePayload'
[22:19:39.652 Verbose] - BuildManager - C:\Users\HARIN\source\repos\Capstone-2023-EVE\Extremely Casual Game Organizer\MvcPresentation\Models\ManageViewModels.cs(70,9): error CS0656: Missing compiler required member 'Microsoft.CodeAnalysis.Runtime.Instrumentation.CreatePayload'
[22:19:39.652 Verbose] - BuildManager - C:\Users\HARIN\source\repos\Capstone-2023-EVE\Extremely Casual Game Organizer\MvcPresentation\Models\ManageViewModels.cs(70,9): error CS0656: Missing compiler required member 'Microsoft.CodeAnalysis.Runtime.Instrumentation.CreatePayload'
[22:19:39.652 Verbose] - BuildManager - C:\Users\HARIN\source\repos\Capstone-2023-EVE\Extremely Casual Game Organizer\MvcPresentation\Models\ManageViewModels.cs(68,5): error CS0656: Missing compiler required member 'Microsoft.CodeAnalysis.Runtime.Instrumentation.CreatePayload'
[22:19:39.652 Verbose] - BuildManager - C:\Users\HARIN\source\repos\Capstone-2023-EVE\Extremely Casual Game Organizer\MvcPresentation\Models\ManageViewModels.cs(68,5): error CS0656: Missing compiler required member 'Microsoft.CodeAnalysis.Runtime.Instrumentation.CreatePayload'
[22:19:39.652 Verbose] - BuildManager - C:\Users\HARIN\source\repos\Capstone-2023-EVE\Extremely Casual Game Organizer\MvcPresentation\Models\AccountViewModels.cs(10,9): error CS0656: Missing compiler required member 'Microsoft.CodeAnalysis.Runtime.Instrumentation.CreatePayload'
[22:19:39.652 Verbose] - BuildManager - C:\Users\HARIN\source\repos\Capstone-2023-EVE\Extremely Casual Game Organizer\MvcPresentation\Models\AccountViewModels.cs(10,9): error CS0656: Missing compiler required member 'Microsoft.CodeAnalysis.Runtime.Instrumentation.CreatePayload'
[22:19:39.652 Verbose] - BuildManager - C:\Users\HARIN\source\repos\Capstone-2023-EVE\Extremely Casual Game Organizer\MvcPresentation\Models\AccountViewModels.cs(10,9): error CS0656: Missing compiler required member 'Microsoft.CodeAnalysis.Runtime.Instrumentation.CreatePayload'
[22:19:39.652 Verbose] - BuildManager - C:\Users\HARIN\source\repos\Capstone-2023-EVE\Extremely Casual Game Organizer\MvcPresentation\Models\AccountViewModels.cs(10,9): error CS0656: Missing compiler required member 'Microsoft.CodeAnalysis.Runtime.Instrumentation.CreatePayload'
[22:19:39.652 Verbose] - BuildManager - C:\Users\HARIN\source\repos\Capstone-2023-EVE\Extremely Casual Game Organizer\MvcPresentation\Models\AccountViewModels.cs(8,5): error CS0656: Missing compiler required member 'Microsoft.CodeAnalysis.Runtime.Instrumentation.CreatePayload'
[22:19:39.652 Verbose] - BuildManager - C:\Users\HARIN\source\repos\Capstone-2023-EVE\Extremely Casual Game Organizer\MvcPresentation\Models\AccountViewModels.cs(8,5): error CS0656: Missing compiler required member 'Microsoft.CodeAnalysis.Runtime.Instrumentation.CreatePayload'
[22:19:39.652 Verbose] - BuildManager - C:\Users\HARIN\source\repos\Capstone-2023-EVE\Extremely Casual Game Organizer\MvcPresentation\Models\ManageViewModels.cs(51,9): error CS0656: Missing compiler required member 'Microsoft.CodeAnalysis.Runtime.Instrumentation.CreatePayload'
[22:19:39.652 Verbose] - BuildManager - C:\Users\HARIN\source\repos\Capstone-2023-EVE\Extremely Casual Game Organizer\MvcPresentation\Models\ManageViewModels.cs(51,9): error CS0656: Missing compiler required member 'Microsoft.CodeAnalysis.Runtime.Instrumentation.CreatePayload'
[22:19:39.652 Verbose] - BuildManager - C:\Users\HARIN\source\repos\Capstone-2023-EVE\Extremely Casual Game Organizer\MvcPresentation\Models\AccountViewModels.cs(17,9): error CS0656: Missing compiler required member 'Microsoft.CodeAnalysis.Runtime.Instrumentation.CreatePayload'
[22:19:39.652 Verbose] - BuildManager - C:\Users\HARIN\source\repos\Capstone-2023-EVE\Extremely Casual Game Organizer\MvcPresentation\Models\AccountViewModels.cs(17,9): error CS0656: Missing compiler required member 'Microsoft.CodeAnalysis.Runtime.Instrumentation.CreatePayload'
[22:19:39.652 Verbose] - BuildManager - C:\Users\HARIN\source\repos\Capstone-2023-EVE\Extremely Casual Game Organizer\MvcPresentation\Models\AccountViewModels.cs(17,9): error CS0656: Missing compiler required member 'Microsoft.CodeAnalysis.Runtime.Instrumentation.CreatePayload'
[22:19:39.652 Verbose] - BuildManager - C:\Users\HARIN\source\repos\Capstone-2023-EVE\Extremely Casual Game Organizer\MvcPresentation\Models\AccountViewModels.cs(17,9): error CS0656: Missing compiler required member 'Microsoft.CodeAnalysis.Runtime.Instrumentation.CreatePayload'
[22:19:39.652 Verbose] - BuildManager - C:\Users\HARIN\source\repos\Capstone-2023-EVE\Extremely Casual Game Organizer\MvcPresentation\Models\AccountViewModels.cs(15,5): error CS0656: Missing compiler required member 'Microsoft.CodeAnalysis.Runtime.Instrumentation.CreatePayload'
[22:19:39.652 Verbose] - BuildManager - C:\Users\HARIN\source\repos\Capstone-2023-EVE\Extremely Casual Game Organizer\MvcPresentation\Models\AccountViewModels.cs(15,5): error CS0656: Missing compiler required member 'Microsoft.CodeAnalysis.Runtime.Instrumentation.CreatePayload'
[22:19:39.652 Verbose] - BuildManager - C:\Users\HARIN\source\repos\Capstone-2023-EVE\Extremely Casual Game Organizer\MvcPresentation\Models\ManageViewModels.cs(51,9): error CS0656: Missing compiler required member 'Microsoft.CodeAnalysis.Runtime.Instrumentation.CreatePayload'
[22:19:39.652 Verbose] - BuildManager - C:\Users\HARIN\source\repos\Capstone-2023-EVE\Extremely Casual Game Organizer\MvcPresentation\Models\ManageViewModels.cs(51,9): error CS0656: Missing compiler required member 'Microsoft.CodeAnalysis.Runtime.Instrumentation.CreatePayload'
[22:19:39.652 Verbose] - BuildManager - C:\Users\HARIN\source\repos\Capstone-2023-EVE\Extremely Casual Game Organizer\MvcPresentation\Models\ManageViewModels.cs(56,9): error CS0656: Missing compiler required member 'Microsoft.CodeAnalysis.Runtime.Instrumentation.CreatePayload'
[22:19:39.652 Verbose] - BuildManager - C:\Users\HARIN\source\repos\Capstone-2023-EVE\Extremely Casual Game Organizer\MvcPresentation\Models\ManageViewModels.cs(56,9): error CS0656: Missing compiler required member 'Microsoft.CodeAnalysis.Runtime.Instrumentation.CreatePayload'
[22:19:39.653 Verbose] - BuildManager - C:\Users\HARIN\source\repos\Capstone-2023-EVE\Extremely Casual Game Organizer\MvcPresentation\Models\ManageViewModels.cs(56,9): error CS0656: Missing compiler required member 'Microsoft.CodeAnalysis.Runtime.Instrumentation.CreatePayload'
[22:19:39.653 Verbose] - BuildManager - C:\Users\HARIN\source\repos\Capstone-2023-EVE\Extremely Casual Game Organizer\MvcPresentation\Models\ManageViewModels.cs(56,9): error CS0656: Missing compiler required member 'Microsoft.CodeAnalysis.Runtime.Instrumentation.CreatePayload'
[22:19:39.653 Verbose] - BuildManager - C:\Users\HARIN\source\repos\Capstone-2023-EVE\Extremely Casual Game Organizer\MvcPresentation\Models\ManageViewModels.cs(62,9): error CS0656: Missing compiler required member 'Microsoft.CodeAnalysis.Runtime.Instrumentation.CreatePayload'
[22:19:39.653 Verbose] - BuildManager - C:\Users\HARIN\source\repos\Capstone-2023-EVE\Extremely Casual Game Organizer\MvcPresentation\Models\ManageViewModels.cs(62,9): error CS0656: Missing compiler required member 'Microsoft.CodeAnalysis.Runtime.Instrumentation.CreatePayload'
[22:19:39.653 Verbose] - BuildManager - C:\Users\HARIN\source\repos\Capstone-2023-EVE\Extremely Casual Game Organizer\MvcPresentation\Migrations\202304260243413_test.cs(9,9): error CS0656: Missing compiler required member 'Microsoft.CodeAnalysis.Runtime.Instrumentation.CreatePayload'
[22:19:39.653 Verbose] - BuildManager - C:\Users\HARIN\source\repos\Capstone-2023-EVE\Extremely Casual Game Organizer\MvcPresentation\Migrations\202304260243413_test.cs(9,9): error CS0656: Missing compiler required member 'Microsoft.CodeAnalysis.Runtime.Instrumentation.CreatePayload'
[22:19:39.653 Verbose] - BuildManager - C:\Users\HARIN\source\repos\Capstone-2023-EVE\Extremely Casual Game Organizer\MvcPresentation\Models\ManageViewModels.cs(62,9): error CS0656: Missing compiler required member 'Microsoft.CodeAnalysis.Runtime.Instrumentation.CreatePayload'
[22:19:39.653 Verbose] - BuildManager - C:\Users\HARIN\source\repos\Capstone-2023-EVE\Extremely Casual Game Organizer\MvcPresentation\Models\ManageViewModels.cs(62,9): error CS0656: Missing compiler required member 'Microsoft.CodeAnalysis.Runtime.Instrumentation.CreatePayload'
[22:19:39.653 Verbose] - BuildManager - C:\Users\HARIN\source\repos\Capstone-2023-EVE\Extremely Casual Game Organizer\MvcPresentation\Migrations\202304260243413_test.cs(14,9): error CS0656: Missing compiler required member 'Microsoft.CodeAnalysis.Runtime.Instrumentation.CreatePayload'
[22:19:39.653 Verbose] - BuildManager - C:\Users\HARIN\source\repos\Capstone-2023-EVE\Extremely Casual Game Organizer\MvcPresentation\Migrations\202304260243413_test.cs(14,9): error CS0656: Missing compiler required member 'Microsoft.CodeAnalysis.Runtime.Instrumentation.CreatePayload'
[22:19:39.653 Verbose] - BuildManager - C:\Users\HARIN\source\repos\Capstone-2023-EVE\Extremely Casual Game Organizer\MvcPresentation\Models\ManageViewModels.cs(49,5): error CS0656: Missing compiler required member 'Microsoft.CodeAnalysis.Runtime.Instrumentation.CreatePayload'
[22:19:39.653 Verbose] - BuildManager - C:\Users\HARIN\source\repos\Capstone-2023-EVE\Extremely Casual Game Organizer\MvcPresentation\Models\ManageViewModels.cs(49,5): error CS0656: Missing compiler required member 'Microsoft.CodeAnalysis.Runtime.Instrumentation.CreatePayload'
[22:19:39.653 Verbose] - BuildManager - C:\Users\HARIN\source\repos\Capstone-2023-EVE\Extremely Casual Game Organizer\MvcPresentation\App_Start\BundleConfig.cs(10,9): error CS0656: Missing compiler required member 'Microsoft.CodeAnalysis.Runtime.Instrumentation.CreatePayload'
[22:19:39.653 Verbose] - BuildManager - C:\Users\HARIN\source\repos\Capstone-2023-EVE\Extremely Casual Game Organizer\MvcPresentation\App_Start\BundleConfig.cs(10,9): error CS0656: Missing compiler required member 'Microsoft.CodeAnalysis.Runtime.Instrumentation.CreatePayload'
[22:19:39.653 Verbose] - BuildManager - C:\Users\HARIN\source\repos\Capstone-2023-EVE\Extremely Casual Game Organizer\MvcPresentation\Models\ManageViewModels.cs(37,9): error CS0656: Missing compiler required member 'Microsoft.CodeAnalysis.Runtime.Instrumentation.CreatePayload'
[22:19:39.653 Verbose] - BuildManager - C:\Users\HARIN\source\repos\Capstone-2023-EVE\Extremely Casual Game Organizer\MvcPresentation\Models\ManageViewModels.cs(37,9): error CS0656: Missing compiler required member 'Microsoft.CodeAnalysis.Runtime.Instrumentation.CreatePayload'
[22:19:39.653 Verbose] - BuildManager - C:\Users\HARIN\source\repos\Capstone-2023-EVE\Extremely Casual Game Organizer\MvcPresentation\Migrations\202304260243413_test.Designer.cs(16,17): error CS0656: Missing compiler required member 'Microsoft.CodeAnalysis.Runtime.Instrumentation.CreatePayload'
[22:19:39.653 Verbose] - BuildManager - C:\Users\HARIN\source\repos\Capstone-2023-EVE\Extremely Casual Game Organizer\MvcPresentation\Migrations\202304260243413_test.Designer.cs(16,17): error CS0656: Missing compiler required member 'Microsoft.CodeAnalysis.Runtime.Instrumentation.CreatePayload'
[22:19:39.653 Verbose] - BuildManager - C:\Users\HARIN\source\repos\Capstone-2023-EVE\Extremely Casual Game Organizer\MvcPresentation\App_Start\BundleConfig.cs(6,5): error CS0656: Missing compiler required member 'Microsoft.CodeAnalysis.Runtime.Instrumentation.CreatePayload'
[22:19:39.653 Verbose] - BuildManager - C:\Users\HARIN\source\repos\Capstone-2023-EVE\Extremely Casual Game Organizer\MvcPresentation\App_Start\BundleConfig.cs(6,5): error CS0656: Missing compiler required member 'Microsoft.CodeAnalysis.Runtime.Instrumentation.CreatePayload'
[22:19:39.653 Verbose] - BuildManager - C:\Users\HARIN\source\repos\Capstone-2023-EVE\Extremely Casual Game Organizer\MvcPresentation\Models\ManageViewModels.cs(37,9): error CS0656: Missing compiler required member 'Microsoft.CodeAnalysis.Runtime.Instrumentation.CreatePayload'
[22:19:39.653 Verbose] - BuildManager - C:\Users\HARIN\source\repos\Capstone-2023-EVE\Extremely Casual Game Organizer\MvcPresentation\Models\ManageViewModels.cs(37,9): error CS0656: Missing compiler required member 'Microsoft.CodeAnalysis.Runtime.Instrumentation.CreatePayload'
[22:19:39.653 Verbose] - BuildManager - C:\Users\HARIN\source\repos\Capstone-2023-EVE\Extremely Casual Game Organizer\MvcPresentation\Migrations\202304260243413_test.Designer.cs(21,17): error CS0656: Missing compiler required member 'Microsoft.CodeAnalysis.Runtime.Instrumentation.CreatePayload'
[22:19:39.653 Verbose] - BuildManager - C:\Users\HARIN\source\repos\Capstone-2023-EVE\Extremely Casual Game Organizer\MvcPresentation\Migrations\202304260243413_test.Designer.cs(21,17): error CS0656: Missing compiler required member 'Microsoft.CodeAnalysis.Runtime.Instrumentation.CreatePayload'
[22:19:39.653 Verbose] - BuildManager - C:\Users\HARIN\source\repos\Capstone-2023-EVE\Extremely Casual Game Organizer\MvcPresentation\Models\ManageViewModels.cs(43,9): error CS0656: Missing compiler required member 'Microsoft.CodeAnalysis.Runtime.Instrumentation.CreatePayload'
[22:19:39.653 Verbose] - BuildManager - C:\Users\HARIN\source\repos\Capstone-2023-EVE\Extremely Casual Game Organizer\MvcPresentation\Models\ManageViewModels.cs(43,9): error CS0656: Missing compiler required member 'Microsoft.CodeAnalysis.Runtime.Instrumentation.CreatePayload'
[22:19:39.653 Verbose] - BuildManager - C:\Users\HARIN\source\repos\Capstone-2023-EVE\Extremely Casual Game Organizer\MvcPresentation\Models\AccountViewModels.cs(22,9): error CS0656: Missing compiler required member 'Microsoft.CodeAnalysis.Runtime.Instrumentation.CreatePayload'
[22:19:39.653 Verbose] - BuildManager - C:\Users\HARIN\source\repos\Capstone-2023-EVE\Extremely Casual Game Organizer\MvcPresentation\Models\AccountViewModels.cs(22,9): error CS0656: Missing compiler required member 'Microsoft.CodeAnalysis.Runtime.Instrumentation.CreatePayload'
[22:19:39.653 Verbose] - BuildManager - C:\Users\HARIN\source\repos\Capstone-2023-EVE\Extremely Casual Game Organizer\MvcPresentation\Models\ManageViewModels.cs(43,9): error CS0656: Missing compiler required member 'Microsoft.CodeAnalysis.Runtime.Instrumentation.CreatePayload'
[22:19:39.653 Verbose] - BuildManager - C:\Users\HARIN\source\repos\Capstone-2023-EVE\Extremely Casual Game Organizer\MvcPresentation\Models\ManageViewModels.cs(43,9): error CS0656: Missing compiler required member 'Microsoft.CodeAnalysis.Runtime.Instrumentation.CreatePayload'
[22:19:39.653 Verbose] - BuildManager - C:\Users\HARIN\source\repos\Capstone-2023-EVE\Extremely Casual Game Organizer\MvcPresentation\Models\AccountViewModels.cs(22,9): error CS0656: Missing compiler required member 'Microsoft.CodeAnalysis.Runtime.Instrumentation.CreatePayload'
[22:19:39.653 Verbose] - BuildManager - C:\Users\HARIN\source\repos\Capstone-2023-EVE\Extremely Casual Game Organizer\MvcPresentation\Models\AccountViewModels.cs(22,9): error CS0656: Missing compiler required member 'Microsoft.CodeAnalysis.Runtime.Instrumentation.CreatePayload'
[22:19:39.653 Verbose] - BuildManager - C:\Users\HARIN\source\repos\Capstone-2023-EVE\Extremely Casual Game Organizer\MvcPresentation\Models\AccountViewModels.cs(23,9): error CS0656: Missing compiler required member 'Microsoft.CodeAnalysis.Runtime.Instrumentation.CreatePayload'
[22:19:39.653 Verbose] - BuildManager - C:\Users\HARIN\source\repos\Capstone-2023-EVE\Extremely Casual Game Organizer\MvcPresentation\Models\AccountViewModels.cs(23,9): error CS0656: Missing compiler required member 'Microsoft.CodeAnalysis.Runtime.Instrumentation.CreatePayload'
[22:19:39.653 Verbose] - BuildManager - C:\Users\HARIN\source\repos\Capstone-2023-EVE\Extremely Casual Game Organizer\MvcPresentation\Models\ManageViewModels.cs(35,5): error CS0656: Missing compiler required member 'Microsoft.CodeAnalysis.Runtime.Instrumentation.CreatePayload'
[22:19:39.653 Verbose] - BuildManager - C:\Users\HARIN\source\repos\Capstone-2023-EVE\Extremely Casual Game Organizer\MvcPresentation\Models\ManageViewModels.cs(35,5): error CS0656: Missing compiler required member 'Microsoft.CodeAnalysis.Runtime.Instrumentation.CreatePayload'
[22:19:39.653 Verbose] - BuildManager - C:\Users\HARIN\source\repos\Capstone-2023-EVE\Extremely Casual Game Organizer\MvcPresentation\Models\AccountViewModels.cs(23,9): error CS0656: Missing compiler required member 'Microsoft.CodeAnalysis.Runtime.Instrumentation.CreatePayload'
[22:19:39.653 Verbose] - BuildManager - C:\Users\HARIN\source\repos\Capstone-2023-EVE\Extremely Casual Game Organizer\MvcPresentation\Models\AccountViewModels.cs(23,9): error CS0656: Missing compiler required member 'Microsoft.CodeAnalysis.Runtime.Instrumentation.CreatePayload'
[22:19:39.653 Verbose] - BuildManager - C:\Users\HARIN\source\repos\Capstone-2023-EVE\Extremely Casual Game Organizer\MvcPresentation\Models\AccountViewModels.cs(24,9): error CS0656: Missing compiler required member 'Microsoft.CodeAnalysis.Runtime.Instrumentation.CreatePayload'
[22:19:39.653 Verbose] - BuildManager - C:\Users\HARIN\source\repos\Capstone-2023-EVE\Extremely Casual Game Organizer\MvcPresentation\Models\AccountViewModels.cs(24,9): error CS0656: Missing compiler required member 'Microsoft.CodeAnalysis.Runtime.Instrumentation.CreatePayload'
[22:19:39.653 Verbose] - BuildManager - C:\Users\HARIN\source\repos\Capstone-2023-EVE\Extremely Casual Game Organizer\MvcPresentation\Models\ManageViewModels.cs(32,9): error CS0656: Missing compiler required member 'Microsoft.CodeAnalysis.Runtime.Instrumentation.CreatePayload'
[22:19:39.653 Verbose] - BuildManager - C:\Users\HARIN\source\repos\Capstone-2023-EVE\Extremely Casual Game Organizer\MvcPresentation\Models\ManageViewModels.cs(32,9): error CS0656: Missing compiler required member 'Microsoft.CodeAnalysis.Runtime.Instrumentation.CreatePayload'
[22:19:39.653 Verbose] - BuildManager - C:\Users\HARIN\source\repos\Capstone-2023-EVE\Extremely Casual Game Organizer\MvcPresentation\Migrations\202304260243413_test.Designer.cs(26,17): error CS0656: Missing compiler required member 'Microsoft.CodeAnalysis.Runtime.Instrumentation.CreatePayload'
[22:19:39.653 Verbose] - BuildManager - C:\Users\HARIN\source\repos\Capstone-2023-EVE\Extremely Casual Game Organizer\MvcPresentation\Migrations\202304260243413_test.Designer.cs(26,17): error CS0656: Missing compiler required member 'Microsoft.CodeAnalysis.Runtime.Instrumentation.CreatePayload'
[22:19:39.653 Verbose] - BuildManager - C:\Users\HARIN\source\repos\Capstone-2023-EVE\Extremely Casual Game Organizer\MvcPresentation\Models\AccountViewModels.cs(24,9): error CS0656: Missing compiler required member 'Microsoft.CodeAnalysis.Runtime.Instrumentation.CreatePayload'
[22:19:39.653 Verbose] - BuildManager - C:\Users\HARIN\source\repos\Capstone-2023-EVE\Extremely Casual Game Organizer\MvcPresentation\Models\AccountViewModels.cs(24,9): error CS0656: Missing compiler required member 'Microsoft.CodeAnalysis.Runtime.Instrumentation.CreatePayload'
[22:19:39.653 Verbose] - BuildManager - C:\Users\HARIN\source\repos\Capstone-2023-EVE\Extremely Casual Game Organizer\MvcPresentation\Models\AccountViewModels.cs(25,9): error CS0656: Missing compiler required member 'Microsoft.CodeAnalysis.Runtime.Instrumentation.CreatePayload'
[22:19:39.653 Verbose] - BuildManager - C:\Users\HARIN\source\repos\Capstone-2023-EVE\Extremely Casual Game Organizer\MvcPresentation\Models\AccountViewModels.cs(25,9): error CS0656: Missing compiler required member 'Microsoft.CodeAnalysis.Runtime.Instrumentation.CreatePayload'
[22:19:39.653 Verbose] - BuildManager - C:\Users\HARIN\source\repos\Capstone-2023-EVE\Extremely Casual Game Organizer\MvcPresentation\Models\ManageViewModels.cs(32,9): error CS0656: Missing compiler required member 'Microsoft.CodeAnalysis.Runtime.Instrumentation.CreatePayload'
[22:19:39.653 Verbose] - BuildManager - C:\Users\HARIN\source\repos\Capstone-2023-EVE\Extremely Casual Game Organizer\MvcPresentation\Models\ManageViewModels.cs(32,9): error CS0656: Missing compiler required member 'Microsoft.CodeAnalysis.Runtime.Instrumentation.CreatePayload'
[22:19:39.653 Verbose] - BuildManager - C:\Users\HARIN\source\repos\Capstone-2023-EVE\Extremely Casual Game Organizer\MvcPresentation\Models\AccountViewModels.cs(25,9): error CS0656: Missing compiler required member 'Microsoft.CodeAnalysis.Runtime.Instrumentation.CreatePayload'
[22:19:39.653 Verbose] - BuildManager - C:\Users\HARIN\source\repos\Capstone-2023-EVE\Extremely Casual Game Organizer\MvcPresentation\Models\AccountViewModels.cs(25,9): error CS0656: Missing compiler required member 'Microsoft.CodeAnalysis.Runtime.Instrumentation.CreatePayload'
[22:19:39.653 Verbose] - BuildManager - C:\Users\HARIN\source\repos\Capstone-2023-EVE\Extremely Casual Game Organizer\MvcPresentation\Models\ManageViewModels.cs(30,5): error CS0656: Missing compiler required member 'Microsoft.CodeAnalysis.Runtime.Instrumentation.CreatePayload'
[22:19:39.653 Verbose] - BuildManager - C:\Users\HARIN\source\repos\Capstone-2023-EVE\Extremely Casual Game Organizer\MvcPresentation\Models\ManageViewModels.cs(30,5): error CS0656: Missing compiler required member 'Microsoft.CodeAnalysis.Runtime.Instrumentation.CreatePayload'
[22:19:39.653 Verbose] - BuildManager - C:\Users\HARIN\source\repos\Capstone-2023-EVE\Extremely Casual Game Organizer\MvcPresentation\Models\AccountViewModels.cs(20,5): error CS0656: Missing compiler required member 'Microsoft.CodeAnalysis.Runtime.Instrumentation.CreatePayload'
[22:19:39.653 Verbose] - BuildManager - C:\Users\HARIN\source\repos\Capstone-2023-EVE\Extremely Casual Game Organizer\MvcPresentation\Models\AccountViewModels.cs(20,5): error CS0656: Missing compiler required member 'Microsoft.CodeAnalysis.Runtime.Instrumentation.CreatePayload'
[22:19:39.653 Verbose] - BuildManager - C:\Users\HARIN\source\repos\Capstone-2023-EVE\Extremely Casual Game Organizer\MvcPresentation\Models\ManageViewModels.cs(26,9): error CS0656: Missing compiler required member 'Microsoft.CodeAnalysis.Runtime.Instrumentation.CreatePayload'
[22:19:39.653 Verbose] - BuildManager - C:\Users\HARIN\source\repos\Capstone-2023-EVE\Extremely Casual Game Organizer\MvcPresentation\Models\ManageViewModels.cs(26,9): error CS0656: Missing compiler required member 'Microsoft.CodeAnalysis.Runtime.Instrumentation.CreatePayload'
[22:19:39.653 Verbose] - BuildManager - C:\Users\HARIN\source\repos\Capstone-2023-EVE\Extremely Casual Game Organizer\MvcPresentation\Migrations\202304260243413_test.cs(6,5): error CS0656: Missing compiler required member 'Microsoft.CodeAnalysis.Runtime.Instrumentation.CreatePayload'
[22:19:39.653 Verbose] - BuildManager - C:\Users\HARIN\source\repos\Capstone-2023-EVE\Extremely Casual Game Organizer\MvcPresentation\Migrations\202304260243413_test.cs(6,5): error CS0656: Missing compiler required member 'Microsoft.CodeAnalysis.Runtime.Instrumentation.CreatePayload'
[22:19:39.653 Verbose] - BuildManager - C:\Users\HARIN\source\repos\Capstone-2023-EVE\Extremely Casual Game Organizer\MvcPresentation\Models\AccountViewModels.cs(30,9): error CS0656: Missing compiler required member 'Microsoft.CodeAnalysis.Runtime.Instrumentation.CreatePayload'
[22:19:39.653 Verbose] - BuildManager - C:\Users\HARIN\source\repos\Capstone-2023-EVE\Extremely Casual Game Organizer\MvcPresentation\Models\AccountViewModels.cs(30,9): error CS0656: Missing compiler required member 'Microsoft.CodeAnalysis.Runtime.Instrumentation.CreatePayload'
[22:19:39.653 Verbose] - BuildManager - C:\Users\HARIN\source\repos\Capstone-2023-EVE\Extremely Casual Game Organizer\MvcPresentation\Models\ManageViewModels.cs(26,9): error CS0656: Missing compiler required member 'Microsoft.CodeAnalysis.Runtime.Instrumentation.CreatePayload'
[22:19:39.653 Verbose] - BuildManager - C:\Users\HARIN\source\repos\Capstone-2023-EVE\Extremely Casual Game Organizer\MvcPresentation\Models\ManageViewModels.cs(26,9): error CS0656: Missing compiler required member 'Microsoft.CodeAnalysis.Runtime.Instrumentation.CreatePayload'
[22:19:39.653 Verbose] - BuildManager - C:\Users\HARIN\source\repos\Capstone-2023-EVE\Extremely Casual Game Organizer\MvcPresentation\Models\AccountViewModels.cs(30,9): error CS0656: Missing compiler required member 'Microsoft.CodeAnalysis.Runtime.Instrumentation.CreatePayload'
[22:19:39.653 Verbose] - BuildManager - C:\Users\HARIN\source\repos\Capstone-2023-EVE\Extremely Casual Game Organizer\MvcPresentation\Models\AccountViewModels.cs(30,9): error CS0656: Missing compiler required member 'Microsoft.CodeAnalysis.Runtime.Instrumentation.CreatePayload'
[22:19:39.653 Verbose] - BuildManager - C:\Users\HARIN\source\repos\Capstone-2023-EVE\Extremely Casual Game Organizer\MvcPresentation\Models\AccountViewModels.cs(46,9): error CS0656: Missing compiler required member 'Microsoft.CodeAnalysis.Runtime.Instrumentation.CreatePayload'
[22:19:39.653 Verbose] - BuildManager - C:\Users\HARIN\source\repos\Capstone-2023-EVE\Extremely Casual Game Organizer\MvcPresentation\Models\AccountViewModels.cs(46,9): error CS0656: Missing compiler required member 'Microsoft.CodeAnalysis.Runtime.Instrumentation.CreatePayload'
[22:19:39.653 Verbose] - BuildManager - C:\Users\HARIN\source\repos\Capstone-2023-EVE\Extremely Casual Game Organizer\MvcPresentation\Models\ManageViewModels.cs(27,9): error CS0656: Missing compiler required member 'Microsoft.CodeAnalysis.Runtime.Instrumentation.CreatePayload'
[22:19:39.653 Verbose] - BuildManager - C:\Users\HARIN\source\repos\Capstone-2023-EVE\Extremely Casual Game Organizer\MvcPresentation\Models\ManageViewModels.cs(27,9): error CS0656: Missing compiler required member 'Microsoft.CodeAnalysis.Runtime.Instrumentation.CreatePayload'
[22:19:39.653 Verbose] - BuildManager - C:\Users\HARIN\source\repos\Capstone-2023-EVE\Extremely Casual Game Organizer\MvcPresentation\Models\AccountViewModels.cs(33,9): error CS0656: Missing compiler required member 'Microsoft.CodeAnalysis.Runtime.Instrumentation.CreatePayload'
[22:19:39.653 Verbose] - BuildManager - C:\Users\HARIN\source\repos\Capstone-2023-EVE\Extremely Casual Game Organizer\MvcPresentation\Models\AccountViewModels.cs(33,9): error CS0656: Missing compiler required member 'Microsoft.CodeAnalysis.Runtime.Instrumentation.CreatePayload'
[22:19:39.653 Verbose] - BuildManager - C:\Users\HARIN\source\repos\Capstone-2023-EVE\Extremely Casual Game Organizer\MvcPresentation\Models\AccountViewModels.cs(46,9): error CS0656: Missing compiler required member 'Microsoft.CodeAnalysis.Runtime.Instrumentation.CreatePayload'
[22:19:39.653 Verbose] - BuildManager - C:\Users\HARIN\source\repos\Capstone-2023-EVE\Extremely Casual Game Organizer\MvcPresentation\Models\AccountViewModels.cs(46,9): error CS0656: Missing compiler required member 'Microsoft.CodeAnalysis.Runtime.Instrumentation.CreatePayload'
[22:19:39.653 Verbose] - BuildManager - C:\Users\HARIN\source\repos\Capstone-2023-EVE\Extremely Casual Game Organizer\MvcPresentation\Models\AccountViewModels.cs(33,9): error CS0656: Missing compiler required member 'Microsoft.CodeAnalysis.Runtime.Instrumentation.CreatePayload'
[22:19:39.653 Verbose] - BuildManager - C:\Users\HARIN\source\repos\Capstone-2023-EVE\Extremely Casual Game Organizer\MvcPresentation\Models\AccountViewModels.cs(33,9): error CS0656: Missing compiler required member 'Microsoft.CodeAnalysis.Runtime.Instrumentation.CreatePayload'
[22:19:39.653 Verbose] - BuildManager - C:\Users\HARIN\source\repos\Capstone-2023-EVE\Extremely Casual Game Organizer\MvcPresentation\Models\ManageViewModels.cs(27,9): error CS0656: Missing compiler required member 'Microsoft.CodeAnalysis.Runtime.Instrumentation.CreatePayload'
[22:19:39.653 Verbose] - BuildManager - C:\Users\HARIN\source\repos\Capstone-2023-EVE\Extremely Casual Game Organizer\MvcPresentation\Models\ManageViewModels.cs(27,9): error CS0656: Missing compiler required member 'Microsoft.CodeAnalysis.Runtime.Instrumentation.CreatePayload'
[22:19:39.653 Verbose] - BuildManager - C:\Users\HARIN\source\repos\Capstone-2023-EVE\Extremely Casual Game Organizer\MvcPresentation\Models\AccountViewModels.cs(44,5): error CS0656: Missing compiler required member 'Microsoft.CodeAnalysis.Runtime.Instrumentation.CreatePayload'
[22:19:39.653 Verbose] - BuildManager - C:\Users\HARIN\source\repos\Capstone-2023-EVE\Extremely Casual Game Organizer\MvcPresentation\Models\AccountViewModels.cs(44,5): error CS0656: Missing compiler required member 'Microsoft.CodeAnalysis.Runtime.Instrumentation.CreatePayload'
[22:19:39.653 Verbose] - BuildManager - C:\Users\HARIN\source\repos\Capstone-2023-EVE\Extremely Casual Game Organizer\MvcPresentation\Models\AccountViewModels.cs(36,9): error CS0656: Missing compiler required member 'Microsoft.CodeAnalysis.Runtime.Instrumentation.CreatePayload'
[22:19:39.653 Verbose] - BuildManager - C:\Users\HARIN\source\repos\Capstone-2023-EVE\Extremely Casual Game Organizer\MvcPresentation\Models\AccountViewModels.cs(36,9): error CS0656: Missing compiler required member 'Microsoft.CodeAnalysis.Runtime.Instrumentation.CreatePayload'
[22:19:39.653 Verbose] - BuildManager - C:\Users\HARIN\source\repos\Capstone-2023-EVE\Extremely Casual Game Organizer\MvcPresentation\Models\ManageViewModels.cs(24,5): error CS0656: Missing compiler required member 'Microsoft.CodeAnalysis.Runtime.Instrumentation.CreatePayload'
[22:19:39.653 Verbose] - BuildManager - C:\Users\HARIN\source\repos\Capstone-2023-EVE\Extremely Casual Game Organizer\MvcPresentation\Models\ManageViewModels.cs(24,5): error CS0656: Missing compiler required member 'Microsoft.CodeAnalysis.Runtime.Instrumentation.CreatePayload'
[22:19:39.653 Verbose] - BuildManager - C:\Users\HARIN\source\repos\Capstone-2023-EVE\Extremely Casual Game Organizer\MvcPresentation\Models\AccountViewModels.cs(36,9): error CS0656: Missing compiler required member 'Microsoft.CodeAnalysis.Runtime.Instrumentation.CreatePayload'
[22:19:39.653 Verbose] - BuildManager - C:\Users\HARIN\source\repos\Capstone-2023-EVE\Extremely Casual Game Organizer\MvcPresentation\Models\AccountViewModels.cs(36,9): error CS0656: Missing compiler required member 'Microsoft.CodeAnalysis.Runtime.Instrumentation.CreatePayload'
[22:19:39.653 Verbose] - BuildManager - C:\Users\HARIN\source\repos\Capstone-2023-EVE\Extremely Casual Game Organizer\MvcPresentation\Models\AccountViewModels.cs(53,9): error CS0656: Missing compiler required member 'Microsoft.CodeAnalysis.Runtime.Instrumentation.CreatePayload'
[22:19:39.653 Verbose] - BuildManager - C:\Users\HARIN\source\repos\Capstone-2023-EVE\Extremely Casual Game Organizer\MvcPresentation\Models\AccountViewModels.cs(53,9): error CS0656: Missing compiler required member 'Microsoft.CodeAnalysis.Runtime.Instrumentation.CreatePayload'
[22:19:39.653 Verbose] - BuildManager - C:\Users\HARIN\source\repos\Capstone-2023-EVE\Extremely Casual Game Organizer\MvcPresentation\Models\AccountViewModels.cs(38,9): error CS0656: Missing compiler required member 'Microsoft.CodeAnalysis.Runtime.Instrumentation.CreatePayload'
[22:19:39.653 Verbose] - BuildManager - C:\Users\HARIN\source\repos\Capstone-2023-EVE\Extremely Casual Game Organizer\MvcPresentation\Models\AccountViewModels.cs(38,9): error CS0656: Missing compiler required member 'Microsoft.CodeAnalysis.Runtime.Instrumentation.CreatePayload'
[22:19:39.653 Verbose] - BuildManager - C:\Users\HARIN\source\repos\Capstone-2023-EVE\Extremely Casual Game Organizer\MvcPresentation\Models\AccountViewModels.cs(53,9): error CS0656: Missing compiler required member 'Microsoft.CodeAnalysis.Runtime.Instrumentation.CreatePayload'
[22:19:39.653 Verbose] - BuildManager - C:\Users\HARIN\source\repos\Capstone-2023-EVE\Extremely Casual Game Organizer\MvcPresentation\Models\AccountViewModels.cs(53,9): error CS0656: Missing compiler required member 'Microsoft.CodeAnalysis.Runtime.Instrumentation.CreatePayload'
[22:19:39.653 Verbose] - BuildManager - C:\Users\HARIN\source\repos\Capstone-2023-EVE\Extremely Casual Game Organizer\MvcPresentation\Models\AccountViewModels.cs(38,9): error CS0656: Missing compiler required member 'Microsoft.CodeAnalysis.Runtime.Instrumentation.CreatePayload'
[22:19:39.653 Verbose] - BuildManager - C:\Users\HARIN\source\repos\Capstone-2023-EVE\Extremely Casual Game Organizer\MvcPresentation\Models\AccountViewModels.cs(38,9): error CS0656: Missing compiler required member 'Microsoft.CodeAnalysis.Runtime.Instrumentation.CreatePayload'
[22:19:39.653 Verbose] - BuildManager - C:\Users\HARIN\source\repos\Capstone-2023-EVE\Extremely Casual Game Organizer\MvcPresentation\Models\ManageViewModels.cs(20,9): error CS0656: Missing compiler required member 'Microsoft.CodeAnalysis.Runtime.Instrumentation.CreatePayload'
[22:19:39.653 Verbose] - BuildManager - C:\Users\HARIN\source\repos\Capstone-2023-EVE\Extremely Casual Game Organizer\MvcPresentation\Models\ManageViewModels.cs(20,9): error CS0656: Missing compiler required member 'Microsoft.CodeAnalysis.Runtime.Instrumentation.CreatePayload'
[22:19:39.653 Verbose] - BuildManager - C:\Users\HARIN\source\repos\Capstone-2023-EVE\Extremely Casual Game Organizer\MvcPresentation\Models\AccountViewModels.cs(58,9): error CS0656: Missing compiler required member 'Microsoft.CodeAnalysis.Runtime.Instrumentation.CreatePayload'
[22:19:39.653 Verbose] - BuildManager - C:\Users\HARIN\source\repos\Capstone-2023-EVE\Extremely Casual Game Organizer\MvcPresentation\Models\AccountViewModels.cs(58,9): error CS0656: Missing compiler required member 'Microsoft.CodeAnalysis.Runtime.Instrumentation.CreatePayload'
[22:19:39.653 Verbose] - BuildManager - C:\Users\HARIN\source\repos\Capstone-2023-EVE\Extremely Casual Game Organizer\MvcPresentation\Models\AccountViewModels.cs(41,9): error CS0656: Missing compiler required member 'Microsoft.CodeAnalysis.Runtime.Instrumentation.CreatePayload'
[22:19:39.653 Verbose] - BuildManager - C:\Users\HARIN\source\repos\Capstone-2023-EVE\Extremely Casual Game Organizer\MvcPresentation\Models\AccountViewModels.cs(41,9): error CS0656: Missing compiler required member 'Microsoft.CodeAnalysis.Runtime.Instrumentation.CreatePayload'
[22:19:39.653 Verbose] - BuildManager - C:\Users\HARIN\source\repos\Capstone-2023-EVE\Extremely Casual Game Organizer\MvcPresentation\Models\ManageViewModels.cs(20,9): error CS0656: Missing compiler required member 'Microsoft.CodeAnalysis.Runtime.Instrumentation.CreatePayload'
[22:19:39.653 Verbose] - BuildManager - C:\Users\HARIN\source\repos\Capstone-2023-EVE\Extremely Casual Game Organizer\MvcPresentation\Models\ManageViewModels.cs(20,9): error CS0656: Missing compiler required member 'Microsoft.CodeAnalysis.Runtime.Instrumentation.CreatePayload'
[22:19:39.653 Verbose] - BuildManager - C:\Users\HARIN\source\repos\Capstone-2023-EVE\Extremely Casual Game Organizer\MvcPresentation\Models\AccountViewModels.cs(58,9): error CS0656: Missing compiler required member 'Microsoft.CodeAnalysis.Runtime.Instrumentation.CreatePayload'
[22:19:39.653 Verbose] - BuildManager - C:\Users\HARIN\source\repos\Capstone-2023-EVE\Extremely Casual Game Organizer\MvcPresentation\Models\AccountViewModels.cs(58,9): error CS0656: Missing compiler required member 'Microsoft.CodeAnalysis.Runtime.Instrumentation.CreatePayload'
[22:19:39.653 Verbose] - BuildManager - C:\Users\HARIN\source\repos\Capstone-2023-EVE\Extremely Casual Game Organizer\MvcPresentation\Models\AccountViewModels.cs(41,9): error CS0656: Missing compiler required member 'Microsoft.CodeAnalysis.Runtime.Instrumentation.CreatePayload'
[22:19:39.653 Verbose] - BuildManager - C:\Users\HARIN\source\repos\Capstone-2023-EVE\Extremely Casual Game Organizer\MvcPresentation\Models\AccountViewModels.cs(41,9): error CS0656: Missing compiler required member 'Microsoft.CodeAnalysis.Runtime.Instrumentation.CreatePayload'
[22:19:39.653 Verbose] - BuildManager - C:\Users\HARIN\source\repos\Capstone-2023-EVE\Extremely Casual Game Organizer\MvcPresentation\Models\AccountViewModels.cs(63,9): error CS0656: Missing compiler required member 'Microsoft.CodeAnalysis.Runtime.Instrumentation.CreatePayload'
[22:19:39.653 Verbose] - BuildManager - C:\Users\HARIN\source\repos\Capstone-2023-EVE\Extremely Casual Game Organizer\MvcPresentation\Models\AccountViewModels.cs(63,9): error CS0656: Missing compiler required member 'Microsoft.CodeAnalysis.Runtime.Instrumentation.CreatePayload'
[22:19:39.653 Verbose] - BuildManager - C:\Users\HARIN\source\repos\Capstone-2023-EVE\Extremely Casual Game Organizer\MvcPresentation\Models\AccountViewModels.cs(28,5): error CS0656: Missing compiler required member 'Microsoft.CodeAnalysis.Runtime.Instrumentation.CreatePayload'
[22:19:39.653 Verbose] - BuildManager - C:\Users\HARIN\source\repos\Capstone-2023-EVE\Extremely Casual Game Organizer\MvcPresentation\Models\AccountViewModels.cs(28,5): error CS0656: Missing compiler required member 'Microsoft.CodeAnalysis.Runtime.Instrumentation.CreatePayload'
[22:19:39.653 Verbose] - BuildManager - C:\Users\HARIN\source\repos\Capstone-2023-EVE\Extremely Casual Game Organizer\MvcPresentation\Models\ManageViewModels.cs(21,9): error CS0656: Missing compiler required member 'Microsoft.CodeAnalysis.Runtime.Instrumentation.CreatePayload'
[22:19:39.653 Verbose] - BuildManager - C:\Users\HARIN\source\repos\Capstone-2023-EVE\Extremely Casual Game Organizer\MvcPresentation\Models\ManageViewModels.cs(21,9): error CS0656: Missing compiler required member 'Microsoft.CodeAnalysis.Runtime.Instrumentation.CreatePayload'
[22:19:39.653 Verbose] - BuildManager - C:\Users\HARIN\source\repos\Capstone-2023-EVE\Extremely Casual Game Organizer\MvcPresentation\Models\AccountViewModels.cs(63,9): error CS0656: Missing compiler required member 'Microsoft.CodeAnalysis.Runtime.Instrumentation.CreatePayload'
[22:19:39.653 Verbose] - BuildManager - C:\Users\HARIN\source\repos\Capstone-2023-EVE\Extremely Casual Game Organizer\MvcPresentation\Models\AccountViewModels.cs(63,9): error CS0656: Missing compiler required member 'Microsoft.CodeAnalysis.Runtime.Instrumentation.CreatePayload'
[22:19:39.653 Verbose] - BuildManager - C:\Users\HARIN\source\repos\Capstone-2023-EVE\Extremely Casual Game Organizer\MvcPresentation\Models\AccountViewModels.cs(51,5): error CS0656: Missing compiler required member 'Microsoft.CodeAnalysis.Runtime.Instrumentation.CreatePayload'
[22:19:39.653 Verbose] - BuildManager - C:\Users\HARIN\source\repos\Capstone-2023-EVE\Extremely Casual Game Organizer\MvcPresentation\Models\AccountViewModels.cs(51,5): error CS0656: Missing compiler required member 'Microsoft.CodeAnalysis.Runtime.Instrumentation.CreatePayload'
[22:19:39.653 Verbose] - BuildManager - C:\Users\HARIN\source\repos\Capstone-2023-EVE\Extremely Casual Game Organizer\MvcPresentation\Models\ManageViewModels.cs(21,9): error CS0656: Missing compiler required member 'Microsoft.CodeAnalysis.Runtime.Instrumentation.CreatePayload'
[22:19:39.653 Verbose] - BuildManager - C:\Users\HARIN\source\repos\Capstone-2023-EVE\Extremely Casual Game Organizer\MvcPresentation\Models\ManageViewModels.cs(21,9): error CS0656: Missing compiler required member 'Microsoft.CodeAnalysis.Runtime.Instrumentation.CreatePayload'
[22:19:39.653 Verbose] - BuildManager - C:\Users\HARIN\source\repos\Capstone-2023-EVE\Extremely Casual Game Organizer\MvcPresentation\Models\ManageViewModels.cs(18,5): error CS0656: Missing compiler required member 'Microsoft.CodeAnalysis.Runtime.Instrumentation.CreatePayload'
[22:19:39.653 Verbose] - BuildManager - C:\Users\HARIN\source\repos\Capstone-2023-EVE\Extremely Casual Game Organizer\MvcPresentation\Models\ManageViewModels.cs(18,5): error CS0656: Missing compiler required member 'Microsoft.CodeAnalysis.Runtime.Instrumentation.CreatePayload'
[22:19:39.653 Verbose] - BuildManager - C:\Users\HARIN\source\repos\Capstone-2023-EVE\Extremely Casual Game Organizer\MvcPresentation\Models\AccountViewModels.cs(123,9): error CS0656: Missing compiler required member 'Microsoft.CodeAnalysis.Runtime.Instrumentation.CreatePayload'
[22:19:39.653 Verbose] - BuildManager - C:\Users\HARIN\source\repos\Capstone-2023-EVE\Extremely Casual Game Organizer\MvcPresentation\Models\AccountViewModels.cs(123,9): error CS0656: Missing compiler required member 'Microsoft.CodeAnalysis.Runtime.Instrumentation.CreatePayload'
[22:19:39.653 Verbose] - BuildManager - C:\Users\HARIN\source\repos\Capstone-2023-EVE\Extremely Casual Game Organizer\MvcPresentation\Models\AccountViewModels.cs(123,9): error CS0656: Missing compiler required member 'Microsoft.CodeAnalysis.Runtime.Instrumentation.CreatePayload'
[22:19:39.653 Verbose] - BuildManager - C:\Users\HARIN\source\repos\Capstone-2023-EVE\Extremely Casual Game Organizer\MvcPresentation\Models\AccountViewModels.cs(123,9): error CS0656: Missing compiler required member 'Microsoft.CodeAnalysis.Runtime.Instrumentation.CreatePayload'
[22:19:39.653 Verbose] - BuildManager - C:\Users\HARIN\source\repos\Capstone-2023-EVE\Extremely Casual Game Organizer\MvcPresentation\Models\AccountViewModels.cs(76,9): error CS0656: Missing compiler required member 'Microsoft.CodeAnalysis.Runtime.Instrumentation.CreatePayload'
[22:19:39.653 Verbose] - BuildManager - C:\Users\HARIN\source\repos\Capstone-2023-EVE\Extremely Casual Game Organizer\MvcPresentation\Models\AccountViewModels.cs(76,9): error CS0656: Missing compiler required member 'Microsoft.CodeAnalysis.Runtime.Instrumentation.CreatePayload'
[22:19:39.653 Verbose] - BuildManager - C:\Users\HARIN\source\repos\Capstone-2023-EVE\Extremely Casual Game Organizer\MvcPresentation\Models\AccountViewModels.cs(128,9): error CS0656: Missing compiler required member 'Microsoft.CodeAnalysis.Runtime.Instrumentation.CreatePayload'
[22:19:39.653 Verbose] - BuildManager - C:\Users\HARIN\source\repos\Capstone-2023-EVE\Extremely Casual Game Organizer\MvcPresentation\Models\AccountViewModels.cs(128,9): error CS0656: Missing compiler required member 'Microsoft.CodeAnalysis.Runtime.Instrumentation.CreatePayload'
[22:19:39.653 Verbose] - BuildManager - C:\Users\HARIN\source\repos\Capstone-2023-EVE\Extremely Casual Game Organizer\MvcPresentation\Models\AccountViewModels.cs(76,9): error CS0656: Missing compiler required member 'Microsoft.CodeAnalysis.Runtime.Instrumentation.CreatePayload'
[22:19:39.653 Verbose] - BuildManager - C:\Users\HARIN\source\repos\Capstone-2023-EVE\Extremely Casual Game Organizer\MvcPresentation\Models\AccountViewModels.cs(76,9): error CS0656: Missing compiler required member 'Microsoft.CodeAnalysis.Runtime.Instrumentation.CreatePayload'
[22:19:39.653 Verbose] - BuildManager - C:\Users\HARIN\source\repos\Capstone-2023-EVE\Extremely Casual Game Organizer\MvcPresentation\Models\AccountViewModels.cs(128,9): error CS0656: Missing compiler required member 'Microsoft.CodeAnalysis.Runtime.Instrumentation.CreatePayload'
[22:19:39.653 Verbose] - BuildManager - C:\Users\HARIN\source\repos\Capstone-2023-EVE\Extremely Casual Game Organizer\MvcPresentation\Models\AccountViewModels.cs(128,9): error CS0656: Missing compiler required member 'Microsoft.CodeAnalysis.Runtime.Instrumentation.CreatePayload'
[22:19:39.653 Verbose] - BuildManager - C:\Users\HARIN\source\repos\Capstone-2023-EVE\Extremely Casual Game Organizer\MvcPresentation\Models\ManageViewModels.cs(11,9): error CS0656: Missing compiler required member 'Microsoft.CodeAnalysis.Runtime.Instrumentation.CreatePayload'
[22:19:39.653 Verbose] - BuildManager - C:\Users\HARIN\source\repos\Capstone-2023-EVE\Extremely Casual Game Organizer\MvcPresentation\Models\ManageViewModels.cs(11,9): error CS0656: Missing compiler required member 'Microsoft.CodeAnalysis.Runtime.Instrumentation.CreatePayload'
[22:19:39.653 Verbose] - BuildManager - C:\Users\HARIN\source\repos\Capstone-2023-EVE\Extremely Casual Game Organizer\MvcPresentation\Models\AccountViewModels.cs(81,9): error CS0656: Missing compiler required member 'Microsoft.CodeAnalysis.Runtime.Instrumentation.CreatePayload'
[22:19:39.653 Verbose] - BuildManager - C:\Users\HARIN\source\repos\Capstone-2023-EVE\Extremely Casual Game Organizer\MvcPresentation\Models\AccountViewModels.cs(81,9): error CS0656: Missing compiler required member 'Microsoft.CodeAnalysis.Runtime.Instrumentation.CreatePayload'
[22:19:39.653 Verbose] - BuildManager - C:\Users\HARIN\source\repos\Capstone-2023-EVE\Extremely Casual Game Organizer\MvcPresentation\Models\AccountViewModels.cs(134,9): error CS0656: Missing compiler required member 'Microsoft.CodeAnalysis.Runtime.Instrumentation.CreatePayload'
[22:19:39.653 Verbose] - BuildManager - C:\Users\HARIN\source\repos\Capstone-2023-EVE\Extremely Casual Game Organizer\MvcPresentation\Models\AccountViewModels.cs(134,9): error CS0656: Missing compiler required member 'Microsoft.CodeAnalysis.Runtime.Instrumentation.CreatePayload'
[22:19:39.653 Verbose] - BuildManager - C:\Users\HARIN\source\repos\Capstone-2023-EVE\Extremely Casual Game Organizer\MvcPresentation\Models\ManageViewModels.cs(11,9): error CS0656: Missing compiler required member 'Microsoft.CodeAnalysis.Runtime.Instrumentation.CreatePayload'
[22:19:39.653 Verbose] - BuildManager - C:\Users\HARIN\source\repos\Capstone-2023-EVE\Extremely Casual Game Organizer\MvcPresentation\Models\ManageViewModels.cs(11,9): error CS0656: Missing compiler required member 'Microsoft.CodeAnalysis.Runtime.Instrumentation.CreatePayload'
[22:19:39.653 Verbose] - BuildManager - C:\Users\HARIN\source\repos\Capstone-2023-EVE\Extremely Casual Game Organizer\MvcPresentation\Models\AccountViewModels.cs(81,9): error CS0656: Missing compiler required member 'Microsoft.CodeAnalysis.Runtime.Instrumentation.CreatePayload'
[22:19:39.653 Verbose] - BuildManager - C:\Users\HARIN\source\repos\Capstone-2023-EVE\Extremely Casual Game Organizer\MvcPresentation\Models\AccountViewModels.cs(81,9): error CS0656: Missing compiler required member 'Microsoft.CodeAnalysis.Runtime.Instrumentation.CreatePayload'
[22:19:39.653 Verbose] - BuildManager - C:\Users\HARIN\source\repos\Capstone-2023-EVE\Extremely Casual Game Organizer\MvcPresentation\Models\AccountViewModels.cs(134,9): error CS0656: Missing compiler required member 'Microsoft.CodeAnalysis.Runtime.Instrumentation.CreatePayload'
[22:19:39.653 Verbose] - BuildManager - C:\Users\HARIN\source\repos\Capstone-2023-EVE\Extremely Casual Game Organizer\MvcPresentation\Models\AccountViewModels.cs(134,9): error CS0656: Missing compiler required member 'Microsoft.CodeAnalysis.Runtime.Instrumentation.CreatePayload'
[22:19:39.653 Verbose] - BuildManager - C:\Users\HARIN\source\repos\Capstone-2023-EVE\Extremely Casual Game Organizer\MvcPresentation\Controllers\TournamentsController.cs(30,9): error CS0656: Missing compiler required member 'Microsoft.CodeAnalysis.Runtime.Instrumentation.CreatePayload'
[22:19:39.653 Verbose] - BuildManager - C:\Users\HARIN\source\repos\Capstone-2023-EVE\Extremely Casual Game Organizer\MvcPresentation\Controllers\TournamentsController.cs(30,9): error CS0656: Missing compiler required member 'Microsoft.CodeAnalysis.Runtime.Instrumentation.CreatePayload'
[22:19:39.653 Verbose] - BuildManager - C:\Users\HARIN\source\repos\Capstone-2023-EVE\Extremely Casual Game Organizer\MvcPresentation\Models\AccountViewModels.cs(139,9): error CS0656: Missing compiler required member 'Microsoft.CodeAnalysis.Runtime.Instrumentation.CreatePayload'
[22:19:39.653 Verbose] - BuildManager - C:\Users\HARIN\source\repos\Capstone-2023-EVE\Extremely Casual Game Organizer\MvcPresentation\Models\AccountViewModels.cs(139,9): error CS0656: Missing compiler required member 'Microsoft.CodeAnalysis.Runtime.Instrumentation.CreatePayload'
[22:19:39.653 Verbose] - BuildManager - C:\Users\HARIN\source\repos\Capstone-2023-EVE\Extremely Casual Game Organizer\MvcPresentation\Models\AccountViewModels.cs(86,9): error CS0656: Missing compiler required member 'Microsoft.CodeAnalysis.Runtime.Instrumentation.CreatePayload'
[22:19:39.653 Verbose] - BuildManager - C:\Users\HARIN\source\repos\Capstone-2023-EVE\Extremely Casual Game Organizer\MvcPresentation\Models\AccountViewModels.cs(86,9): error CS0656: Missing compiler required member 'Microsoft.CodeAnalysis.Runtime.Instrumentation.CreatePayload'
[22:19:39.653 Verbose] - BuildManager - C:\Users\HARIN\source\repos\Capstone-2023-EVE\Extremely Casual Game Organizer\MvcPresentation\Models\ManageViewModels.cs(12,9): error CS0656: Missing compiler required member 'Microsoft.CodeAnalysis.Runtime.Instrumentation.CreatePayload'
[22:19:39.653 Verbose] - BuildManager - C:\Users\HARIN\source\repos\Capstone-2023-EVE\Extremely Casual Game Organizer\MvcPresentation\Models\ManageViewModels.cs(12,9): error CS0656: Missing compiler required member 'Microsoft.CodeAnalysis.Runtime.Instrumentation.CreatePayload'
[22:19:39.653 Verbose] - BuildManager - C:\Users\HARIN\source\repos\Capstone-2023-EVE\Extremely Casual Game Organizer\MvcPresentation\Models\AccountViewModels.cs(139,9): error CS0656: Missing compiler required member 'Microsoft.CodeAnalysis.Runtime.Instrumentation.CreatePayload'
[22:19:39.653 Verbose] - BuildManager - C:\Users\HARIN\source\repos\Capstone-2023-EVE\Extremely Casual Game Organizer\MvcPresentation\Models\AccountViewModels.cs(139,9): error CS0656: Missing compiler required member 'Microsoft.CodeAnalysis.Runtime.Instrumentation.CreatePayload'
[22:19:39.653 Verbose] - BuildManager - C:\Users\HARIN\source\repos\Capstone-2023-EVE\Extremely Casual Game Organizer\MvcPresentation\Models\AccountViewModels.cs(86,9): error CS0656: Missing compiler required member 'Microsoft.CodeAnalysis.Runtime.Instrumentation.CreatePayload'
[22:19:39.653 Verbose] - BuildManager - C:\Users\HARIN\source\repos\Capstone-2023-EVE\Extremely Casual Game Organizer\MvcPresentation\Models\AccountViewModels.cs(86,9): error CS0656: Missing compiler required member 'Microsoft.CodeAnalysis.Runtime.Instrumentation.CreatePayload'
[22:19:39.653 Verbose] - BuildManager - C:\Users\HARIN\source\repos\Capstone-2023-EVE\Extremely Casual Game Organizer\MvcPresentation\Models\AccountViewModels.cs(121,5): error CS0656: Missing compiler required member 'Microsoft.CodeAnalysis.Runtime.Instrumentation.CreatePayload'
[22:19:39.653 Verbose] - BuildManager - C:\Users\HARIN\source\repos\Capstone-2023-EVE\Extremely Casual Game Organizer\MvcPresentation\Models\AccountViewModels.cs(121,5): error CS0656: Missing compiler required member 'Microsoft.CodeAnalysis.Runtime.Instrumentation.CreatePayload'
[22:19:39.653 Verbose] - BuildManager - C:\Users\HARIN\source\repos\Capstone-2023-EVE\Extremely Casual Game Organizer\MvcPresentation\Models\AccountViewModels.cs(91,9): error CS0656: Missing compiler required member 'Microsoft.CodeAnalysis.Runtime.Instrumentation.CreatePayload'
[22:19:39.653 Verbose] - BuildManager - C:\Users\HARIN\source\repos\Capstone-2023-EVE\Extremely Casual Game Organizer\MvcPresentation\Models\AccountViewModels.cs(91,9): error CS0656: Missing compiler required member 'Microsoft.CodeAnalysis.Runtime.Instrumentation.CreatePayload'
[22:19:39.653 Verbose] - BuildManager - C:\Users\HARIN\source\repos\Capstone-2023-EVE\Extremely Casual Game Organizer\MvcPresentation\Models\ManageViewModels.cs(12,9): error CS0656: Missing compiler required member 'Microsoft.CodeAnalysis.Runtime.Instrumentation.CreatePayload'
[22:19:39.653 Verbose] - BuildManager - C:\Users\HARIN\source\repos\Capstone-2023-EVE\Extremely Casual Game Organizer\MvcPresentation\Models\ManageViewModels.cs(12,9): error CS0656: Missing compiler required member 'Microsoft.CodeAnalysis.Runtime.Instrumentation.CreatePayload'
[22:19:39.653 Verbose] - BuildManager - C:\Users\HARIN\source\repos\Capstone-2023-EVE\Extremely Casual Game Organizer\MvcPresentation\Models\AccountViewModels.cs(91,9): error CS0656: Missing compiler required member 'Microsoft.CodeAnalysis.Runtime.Instrumentation.CreatePayload'
[22:19:39.653 Verbose] - BuildManager - C:\Users\HARIN\source\repos\Capstone-2023-EVE\Extremely Casual Game Organizer\MvcPresentation\Models\AccountViewModels.cs(91,9): error CS0656: Missing compiler required member 'Microsoft.CodeAnalysis.Runtime.Instrumentation.CreatePayload'
[22:19:39.653 Verbose] - BuildManager - C:\Users\HARIN\source\repos\Capstone-2023-EVE\Extremely Casual Game Organizer\MvcPresentation\Models\AccountViewModels.cs(144,9): error CS0656: Missing compiler required member 'Microsoft.CodeAnalysis.Runtime.Instrumentation.CreatePayload'
[22:19:39.653 Verbose] - BuildManager - C:\Users\HARIN\source\repos\Capstone-2023-EVE\Extremely Casual Game Organizer\MvcPresentation\Models\AccountViewModels.cs(144,9): error CS0656: Missing compiler required member 'Microsoft.CodeAnalysis.Runtime.Instrumentation.CreatePayload'
[22:19:39.653 Verbose] - BuildManager - C:\Users\HARIN\source\repos\Capstone-2023-EVE\Extremely Casual Game Organizer\MvcPresentation\Models\ManageViewModels.cs(13,9): error CS0656: Missing compiler required member 'Microsoft.CodeAnalysis.Runtime.Instrumentation.CreatePayload'
[22:19:39.653 Verbose] - BuildManager - C:\Users\HARIN\source\repos\Capstone-2023-EVE\Extremely Casual Game Organizer\MvcPresentation\Models\ManageViewModels.cs(13,9): error CS0656: Missing compiler required member 'Microsoft.CodeAnalysis.Runtime.Instrumentation.CreatePayload'
[22:19:39.653 Verbose] - BuildManager - C:\Users\HARIN\source\repos\Capstone-2023-EVE\Extremely Casual Game Organizer\MvcPresentation\Models\AccountViewModels.cs(96,9): error CS0656: Missing compiler required member 'Microsoft.CodeAnalysis.Runtime.Instrumentation.CreatePayload'
[22:19:39.653 Verbose] - BuildManager - C:\Users\HARIN\source\repos\Capstone-2023-EVE\Extremely Casual Game Organizer\MvcPresentation\Models\AccountViewModels.cs(96,9): error CS0656: Missing compiler required member 'Microsoft.CodeAnalysis.Runtime.Instrumentation.CreatePayload'
[22:19:39.653 Verbose] - BuildManager - C:\Users\HARIN\source\repos\Capstone-2023-EVE\Extremely Casual Game Organizer\MvcPresentation\Models\AccountViewModels.cs(144,9): error CS0656: Missing compiler required member 'Microsoft.CodeAnalysis.Runtime.Instrumentation.CreatePayload'
[22:19:39.653 Verbose] - BuildManager - C:\Users\HARIN\source\repos\Capstone-2023-EVE\Extremely Casual Game Organizer\MvcPresentation\Models\AccountViewModels.cs(144,9): error CS0656: Missing compiler required member 'Microsoft.CodeAnalysis.Runtime.Instrumentation.CreatePayload'
[22:19:39.653 Verbose] - BuildManager - C:\Users\HARIN\source\repos\Capstone-2023-EVE\Extremely Casual Game Organizer\MvcPresentation\Models\AccountViewModels.cs(96,9): error CS0656: Missing compiler required member 'Microsoft.CodeAnalysis.Runtime.Instrumentation.CreatePayload'
[22:19:39.653 Verbose] - BuildManager - C:\Users\HARIN\source\repos\Capstone-2023-EVE\Extremely Casual Game Organizer\MvcPresentation\Models\AccountViewModels.cs(96,9): error CS0656: Missing compiler required member 'Microsoft.CodeAnalysis.Runtime.Instrumentation.CreatePayload'
[22:19:39.653 Verbose] - BuildManager - C:\Users\HARIN\source\repos\Capstone-2023-EVE\Extremely Casual Game Organizer\MvcPresentation\Models\AccountViewModels.cs(142,5): error CS0656: Missing compiler required member 'Microsoft.CodeAnalysis.Runtime.Instrumentation.CreatePayload'
[22:19:39.653 Verbose] - BuildManager - C:\Users\HARIN\source\repos\Capstone-2023-EVE\Extremely Casual Game Organizer\MvcPresentation\Models\AccountViewModels.cs(142,5): error CS0656: Missing compiler required member 'Microsoft.CodeAnalysis.Runtime.Instrumentation.CreatePayload'
[22:19:39.653 Verbose] - BuildManager - C:\Users\HARIN\source\repos\Capstone-2023-EVE\Extremely Casual Game Organizer\MvcPresentation\Models\ManageViewModels.cs(13,9): error CS0656: Missing compiler required member 'Microsoft.CodeAnalysis.Runtime.Instrumentation.CreatePayload'
[22:19:39.653 Verbose] - BuildManager - C:\Users\HARIN\source\repos\Capstone-2023-EVE\Extremely Casual Game Organizer\MvcPresentation\Models\ManageViewModels.cs(13,9): error CS0656: Missing compiler required member 'Microsoft.CodeAnalysis.Runtime.Instrumentation.CreatePayload'
[22:19:39.653 Verbose] - BuildManager - C:\Users\HARIN\source\repos\Capstone-2023-EVE\Extremely Casual Game Organizer\MvcPresentation\Models\AccountViewModels.cs(101,9): error CS0656: Missing compiler required member 'Microsoft.CodeAnalysis.Runtime.Instrumentation.CreatePayload'
[22:19:39.653 Verbose] - BuildManager - C:\Users\HARIN\source\repos\Capstone-2023-EVE\Extremely Casual Game Organizer\MvcPresentation\Models\AccountViewModels.cs(101,9): error CS0656: Missing compiler required member 'Microsoft.CodeAnalysis.Runtime.Instrumentation.CreatePayload'
[22:19:39.653 Verbose] - BuildManager - C:\Users\HARIN\source\repos\Capstone-2023-EVE\Extremely Casual Game Organizer\MvcPresentation\Models\AccountViewModels.cs(101,9): error CS0656: Missing compiler required member 'Microsoft.CodeAnalysis.Runtime.Instrumentation.CreatePayload'
[22:19:39.653 Verbose] - BuildManager - C:\Users\HARIN\source\repos\Capstone-2023-EVE\Extremely Casual Game Organizer\MvcPresentation\Models\AccountViewModels.cs(101,9): error CS0656: Missing compiler required member 'Microsoft.CodeAnalysis.Runtime.Instrumentation.CreatePayload'
[22:19:39.653 Verbose] - BuildManager - C:\Users\HARIN\source\repos\Capstone-2023-EVE\Extremely Casual Game Organizer\MvcPresentation\Models\ManageViewModels.cs(14,9): error CS0656: Missing compiler required member 'Microsoft.CodeAnalysis.Runtime.Instrumentation.CreatePayload'
[22:19:39.653 Verbose] - BuildManager - C:\Users\HARIN\source\repos\Capstone-2023-EVE\Extremely Casual Game Organizer\MvcPresentation\Models\ManageViewModels.cs(14,9): error CS0656: Missing compiler required member 'Microsoft.CodeAnalysis.Runtime.Instrumentation.CreatePayload'
[22:19:39.653 Verbose] - BuildManager - C:\Users\HARIN\source\repos\Capstone-2023-EVE\Extremely Casual Game Organizer\MvcPresentation\Models\AccountViewModels.cs(106,9): error CS0656: Missing compiler required member 'Microsoft.CodeAnalysis.Runtime.Instrumentation.CreatePayload'
[22:19:39.653 Verbose] - BuildManager - C:\Users\HARIN\source\repos\Capstone-2023-EVE\Extremely Casual Game Organizer\MvcPresentation\Models\AccountViewModels.cs(106,9): error CS0656: Missing compiler required member 'Microsoft.CodeAnalysis.Runtime.Instrumentation.CreatePayload'
[22:19:39.653 Verbose] - BuildManager - C:\Users\HARIN\source\repos\Capstone-2023-EVE\Extremely Casual Game Organizer\MvcPresentation\Models\ManageViewModels.cs(14,9): error CS0656: Missing compiler required member 'Microsoft.CodeAnalysis.Runtime.Instrumentation.CreatePayload'
[22:19:39.653 Verbose] - BuildManager - C:\Users\HARIN\source\repos\Capstone-2023-EVE\Extremely Casual Game Organizer\MvcPresentation\Models\ManageViewModels.cs(14,9): error CS0656: Missing compiler required member 'Microsoft.CodeAnalysis.Runtime.Instrumentation.CreatePayload'
[22:19:39.653 Verbose] - BuildManager - C:\Users\HARIN\source\repos\Capstone-2023-EVE\Extremely Casual Game Organizer\MvcPresentation\Controllers\MessagesController.cs(22,9): error CS0656: Missing compiler required member 'Microsoft.CodeAnalysis.Runtime.Instrumentation.CreatePayload'
[22:19:39.653 Verbose] - BuildManager - C:\Users\HARIN\source\repos\Capstone-2023-EVE\Extremely Casual Game Organizer\MvcPresentation\Controllers\MessagesController.cs(22,9): error CS0656: Missing compiler required member 'Microsoft.CodeAnalysis.Runtime.Instrumentation.CreatePayload'
[22:19:39.653 Verbose] - BuildManager - C:\Users\HARIN\source\repos\Capstone-2023-EVE\Extremely Casual Game Organizer\MvcPresentation\Models\AccountViewModels.cs(106,9): error CS0656: Missing compiler required member 'Microsoft.CodeAnalysis.Runtime.Instrumentation.CreatePayload'
[22:19:39.653 Verbose] - BuildManager - C:\Users\HARIN\source\repos\Capstone-2023-EVE\Extremely Casual Game Organizer\MvcPresentation\Models\AccountViewModels.cs(106,9): error CS0656: Missing compiler required member 'Microsoft.CodeAnalysis.Runtime.Instrumentation.CreatePayload'
[22:19:39.653 Verbose] - BuildManager - C:\Users\HARIN\source\repos\Capstone-2023-EVE\Extremely Casual Game Organizer\MvcPresentation\Models\AccountViewModels.cs(109,9): error CS0656: Missing compiler required member 'Microsoft.CodeAnalysis.Runtime.Instrumentation.CreatePayload'
[22:19:39.653 Verbose] - BuildManager - C:\Users\HARIN\source\repos\Capstone-2023-EVE\Extremely Casual Game Organizer\MvcPresentation\Models\AccountViewModels.cs(109,9): error CS0656: Missing compiler required member 'Microsoft.CodeAnalysis.Runtime.Instrumentation.CreatePayload'
[22:19:39.653 Verbose] - BuildManager - C:\Users\HARIN\source\repos\Capstone-2023-EVE\Extremely Casual Game Organizer\MvcPresentation\Models\ManageViewModels.cs(15,9): error CS0656: Missing compiler required member 'Microsoft.CodeAnalysis.Runtime.Instrumentation.CreatePayload'
[22:19:39.653 Verbose] - BuildManager - C:\Users\HARIN\source\repos\Capstone-2023-EVE\Extremely Casual Game Organizer\MvcPresentation\Models\ManageViewModels.cs(15,9): error CS0656: Missing compiler required member 'Microsoft.CodeAnalysis.Runtime.Instrumentation.CreatePayload'
[22:19:39.653 Verbose] - BuildManager - C:\Users\HARIN\source\repos\Capstone-2023-EVE\Extremely Casual Game Organizer\MvcPresentation\Controllers\AccountController.cs(23,9): error CS0656: Missing compiler required member 'Microsoft.CodeAnalysis.Runtime.Instrumentation.CreatePayload'
[22:19:39.653 Verbose] - BuildManager - C:\Users\HARIN\source\repos\Capstone-2023-EVE\Extremely Casual Game Organizer\MvcPresentation\Controllers\AccountController.cs(23,9): error CS0656: Missing compiler required member 'Microsoft.CodeAnalysis.Runtime.Instrumentation.CreatePayload'
[22:19:39.653 Verbose] - BuildManager - C:\Users\HARIN\source\repos\Capstone-2023-EVE\Extremely Casual Game Organizer\MvcPresentation\Models\AccountViewModels.cs(109,9): error CS0656: Missing compiler required member 'Microsoft.CodeAnalysis.Runtime.Instrumentation.CreatePayload'
[22:19:39.653 Verbose] - BuildManager - C:\Users\HARIN\source\repos\Capstone-2023-EVE\Extremely Casual Game Organizer\MvcPresentation\Models\AccountViewModels.cs(109,9): error CS0656: Missing compiler required member 'Microsoft.CodeAnalysis.Runtime.Instrumentation.CreatePayload'
[22:19:39.653 Verbose] - BuildManager - C:\Users\HARIN\source\repos\Capstone-2023-EVE\Extremely Casual Game Organizer\MvcPresentation\Models\ManageViewModels.cs(15,9): error CS0656: Missing compiler required member 'Microsoft.CodeAnalysis.Runtime.Instrumentation.CreatePayload'
[22:19:39.653 Verbose] - BuildManager - C:\Users\HARIN\source\repos\Capstone-2023-EVE\Extremely Casual Game Organizer\MvcPresentation\Models\ManageViewModels.cs(15,9): error CS0656: Missing compiler required member 'Microsoft.CodeAnalysis.Runtime.Instrumentation.CreatePayload'
[22:19:39.653 Verbose] - BuildManager - C:\Users\HARIN\source\repos\Capstone-2023-EVE\Extremely Casual Game Organizer\MvcPresentation\Models\AccountViewModels.cs(115,9): error CS0656: Missing compiler required member 'Microsoft.CodeAnalysis.Runtime.Instrumentation.CreatePayload'
[22:19:39.653 Verbose] - BuildManager - C:\Users\HARIN\source\repos\Capstone-2023-EVE\Extremely Casual Game Organizer\MvcPresentation\Models\AccountViewModels.cs(115,9): error CS0656: Missing compiler required member 'Microsoft.CodeAnalysis.Runtime.Instrumentation.CreatePayload'
[22:19:39.653 Verbose] - BuildManager - C:\Users\HARIN\source\repos\Capstone-2023-EVE\Extremely Casual Game Organizer\MvcPresentation\Models\AccountViewModels.cs(115,9): error CS0656: Missing compiler required member 'Microsoft.CodeAnalysis.Runtime.Instrumentation.CreatePayload'
[22:19:39.653 Verbose] - BuildManager - C:\Users\HARIN\source\repos\Capstone-2023-EVE\Extremely Casual Game Organizer\MvcPresentation\Models\AccountViewModels.cs(115,9): error CS0656: Missing compiler required member 'Microsoft.CodeAnalysis.Runtime.Instrumentation.CreatePayload'
[22:19:39.653 Verbose] - BuildManager - C:\Users\HARIN\source\repos\Capstone-2023-EVE\Extremely Casual Game Organizer\MvcPresentation\Models\ManageViewModels.cs(9,5): error CS0656: Missing compiler required member 'Microsoft.CodeAnalysis.Runtime.Instrumentation.CreatePayload'
[22:19:39.653 Verbose] - BuildManager - C:\Users\HARIN\source\repos\Capstone-2023-EVE\Extremely Casual Game Organizer\MvcPresentation\Models\ManageViewModels.cs(9,5): error CS0656: Missing compiler required member 'Microsoft.CodeAnalysis.Runtime.Instrumentation.CreatePayload'
[22:19:39.653 Verbose] - BuildManager - C:\Users\HARIN\source\repos\Capstone-2023-EVE\Extremely Casual Game Organizer\MvcPresentation\Models\AccountViewModels.cs(74,5): error CS0656: Missing compiler required member 'Microsoft.CodeAnalysis.Runtime.Instrumentation.CreatePayload'
[22:19:39.653 Verbose] - BuildManager - C:\Users\HARIN\source\repos\Capstone-2023-EVE\Extremely Casual Game Organizer\MvcPresentation\Models\AccountViewModels.cs(74,5): error CS0656: Missing compiler required member 'Microsoft.CodeAnalysis.Runtime.Instrumentation.CreatePayload'
[22:19:39.653 Verbose] - BuildManager - C:\Users\HARIN\source\repos\Capstone-2023-EVE\Extremely Casual Game Organizer\MvcPresentation\Controllers\AccountController.cs(27,9): error CS0656: Missing compiler required member 'Microsoft.CodeAnalysis.Runtime.Instrumentation.CreatePayload'
[22:19:39.653 Verbose] - BuildManager - C:\Users\HARIN\source\repos\Capstone-2023-EVE\Extremely Casual Game Organizer\MvcPresentation\Controllers\AccountController.cs(27,9): error CS0656: Missing compiler required member 'Microsoft.CodeAnalysis.Runtime.Instrumentation.CreatePayload'
[22:19:39.653 Verbose] - BuildManager - C:\Users\HARIN\source\repos\Capstone-2023-EVE\Extremely Casual Game Organizer\MvcPresentation\App_Start\IdentityConfig.cs(44,9): error CS0656: Missing compiler required member 'Microsoft.CodeAnalysis.Runtime.Instrumentation.CreatePayload'
[22:19:39.653 Verbose] - BuildManager - C:\Users\HARIN\source\repos\Capstone-2023-EVE\Extremely Casual Game Organizer\MvcPresentation\App_Start\IdentityConfig.cs(44,9): error CS0656: Missing compiler required member 'Microsoft.CodeAnalysis.Runtime.Instrumentation.CreatePayload'
[22:19:39.653 Verbose] - BuildManager - C:\Users\HARIN\source\repos\Capstone-2023-EVE\Extremely Casual Game Organizer\MvcPresentation\Models\IdentityModels.cs(21,9): error CS0656: Missing compiler required member 'Microsoft.CodeAnalysis.Runtime.Instrumentation.CreatePayload'
[22:19:39.653 Verbose] - BuildManager - C:\Users\HARIN\source\repos\Capstone-2023-EVE\Extremely Casual Game Organizer\MvcPresentation\Models\IdentityModels.cs(21,9): error CS0656: Missing compiler required member 'Microsoft.CodeAnalysis.Runtime.Instrumentation.CreatePayload'
[22:19:39.653 Verbose] - BuildManager - C:\Users\HARIN\source\repos\Capstone-2023-EVE\Extremely Casual Game Organizer\MvcPresentation\Models\IdentityModels.cs(21,9): error CS0656: Missing compiler required member 'Microsoft.CodeAnalysis.Runtime.Instrumentation.CreatePayload'
[22:19:39.653 Verbose] - BuildManager - C:\Users\HARIN\source\repos\Capstone-2023-EVE\Extremely Casual Game Organizer\MvcPresentation\Models\IdentityModels.cs(21,9): error CS0656: Missing compiler required member 'Microsoft.CodeAnalysis.Runtime.Instrumentation.CreatePayload'
[22:19:39.653 Verbose] - BuildManager - C:\Users\HARIN\source\repos\Capstone-2023-EVE\Extremely Casual Game Organizer\MvcPresentation\Models\IdentityModels.cs(22,9): error CS0656: Missing compiler required member 'Microsoft.CodeAnalysis.Runtime.Instrumentation.CreatePayload'
[22:19:39.653 Verbose] - BuildManager - C:\Users\HARIN\source\repos\Capstone-2023-EVE\Extremely Casual Game Organizer\MvcPresentation\Models\IdentityModels.cs(22,9): error CS0656: Missing compiler required member 'Microsoft.CodeAnalysis.Runtime.Instrumentation.CreatePayload'
[22:19:39.653 Verbose] - BuildManager - C:\Users\HARIN\source\repos\Capstone-2023-EVE\Extremely Casual Game Organizer\MvcPresentation\Models\IdentityModels.cs(22,9): error CS0656: Missing compiler required member 'Microsoft.CodeAnalysis.Runtime.Instrumentation.CreatePayload'
[22:19:39.653 Verbose] - BuildManager - C:\Users\HARIN\source\repos\Capstone-2023-EVE\Extremely Casual Game Organizer\MvcPresentation\Models\IdentityModels.cs(22,9): error CS0656: Missing compiler required member 'Microsoft.CodeAnalysis.Runtime.Instrumentation.CreatePayload'
[22:19:39.653 Verbose] - BuildManager - C:\Users\HARIN\source\repos\Capstone-2023-EVE\Extremely Casual Game Organizer\MvcPresentation\Models\IdentityModels.cs(23,9): error CS0656: Missing compiler required member 'Microsoft.CodeAnalysis.Runtime.Instrumentation.CreatePayload'
[22:19:39.653 Verbose] - BuildManager - C:\Users\HARIN\source\repos\Capstone-2023-EVE\Extremely Casual Game Organizer\MvcPresentation\Models\IdentityModels.cs(23,9): error CS0656: Missing compiler required member 'Microsoft.CodeAnalysis.Runtime.Instrumentation.CreatePayload'
[22:19:39.653 Verbose] - BuildManager - C:\Users\HARIN\source\repos\Capstone-2023-EVE\Extremely Casual Game Organizer\MvcPresentation\Models\IdentityModels.cs(23,9): error CS0656: Missing compiler required member 'Microsoft.CodeAnalysis.Runtime.Instrumentation.CreatePayload'
[22:19:39.653 Verbose] - BuildManager - C:\Users\HARIN\source\repos\Capstone-2023-EVE\Extremely Casual Game Organizer\MvcPresentation\Models\IdentityModels.cs(23,9): error CS0656: Missing compiler required member 'Microsoft.CodeAnalysis.Runtime.Instrumentation.CreatePayload'
[22:19:39.653 Verbose] - BuildManager - C:\Users\HARIN\source\repos\Capstone-2023-EVE\Extremely Casual Game Organizer\MvcPresentation\Models\IdentityModels.cs(24,9): error CS0656: Missing compiler required member 'Microsoft.CodeAnalysis.Runtime.Instrumentation.CreatePayload'
[22:19:39.653 Verbose] - BuildManager - C:\Users\HARIN\source\repos\Capstone-2023-EVE\Extremely Casual Game Organizer\MvcPresentation\Models\IdentityModels.cs(24,9): error CS0656: Missing compiler required member 'Microsoft.CodeAnalysis.Runtime.Instrumentation.CreatePayload'
[22:19:39.653 Verbose] - BuildManager - C:\Users\HARIN\source\repos\Capstone-2023-EVE\Extremely Casual Game Organizer\MvcPresentation\Models\IdentityModels.cs(24,9): error CS0656: Missing compiler required member 'Microsoft.CodeAnalysis.Runtime.Instrumentation.CreatePayload'
[22:19:39.653 Verbose] - BuildManager - C:\Users\HARIN\source\repos\Capstone-2023-EVE\Extremely Casual Game Organizer\MvcPresentation\Models\IdentityModels.cs(24,9): error CS0656: Missing compiler required member 'Microsoft.CodeAnalysis.Runtime.Instrumentation.CreatePayload'
[22:19:39.653 Verbose] - BuildManager - C:\Users\HARIN\source\repos\Capstone-2023-EVE\Extremely Casual Game Organizer\MvcPresentation\Controllers\TournamentsController.cs(44,9): error CS0656: Missing compiler required member 'Microsoft.CodeAnalysis.Runtime.Instrumentation.CreatePayload'
[22:19:39.653 Verbose] - BuildManager - C:\Users\HARIN\source\repos\Capstone-2023-EVE\Extremely Casual Game Organizer\MvcPresentation\Controllers\TournamentsController.cs(44,9): error CS0656: Missing compiler required member 'Microsoft.CodeAnalysis.Runtime.Instrumentation.CreatePayload'
[22:19:39.653 Verbose] - BuildManager - C:\Users\HARIN\source\repos\Capstone-2023-EVE\Extremely Casual Game Organizer\MvcPresentation\Models\IdentityModels.cs(25,9): error CS0656: Missing compiler required member 'Microsoft.CodeAnalysis.Runtime.Instrumentation.CreatePayload'
[22:19:39.653 Verbose] - BuildManager - C:\Users\HARIN\source\repos\Capstone-2023-EVE\Extremely Casual Game Organizer\MvcPresentation\Models\IdentityModels.cs(25,9): error CS0656: Missing compiler required member 'Microsoft.CodeAnalysis.Runtime.Instrumentation.CreatePayload'
[22:19:39.653 Verbose] - BuildManager - C:\Users\HARIN\source\repos\Capstone-2023-EVE\Extremely Casual Game Organizer\MvcPresentation\Models\IdentityModels.cs(25,9): error CS0656: Missing compiler required member 'Microsoft.CodeAnalysis.Runtime.Instrumentation.CreatePayload'
[22:19:39.653 Verbose] - BuildManager - C:\Users\HARIN\source\repos\Capstone-2023-EVE\Extremely Casual Game Organizer\MvcPresentation\Models\IdentityModels.cs(25,9): error CS0656: Missing compiler required member 'Microsoft.CodeAnalysis.Runtime.Instrumentation.CreatePayload'
[22:19:39.653 Verbose] - BuildManager - C:\Users\HARIN\source\repos\Capstone-2023-EVE\Extremely Casual Game Organizer\MvcPresentation\Controllers\AccountController.cs(36,13): error CS0656: Missing compiler required member 'Microsoft.CodeAnalysis.Runtime.Instrumentation.CreatePayload'
[22:19:39.653 Verbose] - BuildManager - C:\Users\HARIN\source\repos\Capstone-2023-EVE\Extremely Casual Game Organizer\MvcPresentation\Controllers\AccountController.cs(36,13): error CS0656: Missing compiler required member 'Microsoft.CodeAnalysis.Runtime.Instrumentation.CreatePayload'
[22:19:39.653 Verbose] - BuildManager - C:\Users\HARIN\source\repos\Capstone-2023-EVE\Extremely Casual Game Organizer\MvcPresentation\Controllers\AccountController.cs(40,13): error CS0656: Missing compiler required member 'Microsoft.CodeAnalysis.Runtime.Instrumentation.CreatePayload'
[22:19:39.653 Verbose] - BuildManager - C:\Users\HARIN\source\repos\Capstone-2023-EVE\Extremely Casual Game Organizer\MvcPresentation\Controllers\AccountController.cs(40,13): error CS0656: Missing compiler required member 'Microsoft.CodeAnalysis.Runtime.Instrumentation.CreatePayload'
[22:19:39.653 Verbose] - BuildManager - C:\Users\HARIN\source\repos\Capstone-2023-EVE\Extremely Casual Game Organizer\MvcPresentation\App_Start\Startup.Auth.cs(16,9): error CS0656: Missing compiler required member 'Microsoft.CodeAnalysis.Runtime.Instrumentation.CreatePayload'
[22:19:39.653 Verbose] - BuildManager - C:\Users\HARIN\source\repos\Capstone-2023-EVE\Extremely Casual Game Organizer\MvcPresentation\App_Start\Startup.Auth.cs(16,9): error CS0656: Missing compiler required member 'Microsoft.CodeAnalysis.Runtime.Instrumentation.CreatePayload'
[22:19:39.653 Verbose] - BuildManager - C:\Users\HARIN\source\repos\Capstone-2023-EVE\Extremely Casual Game Organizer\MvcPresentation\Startup.cs(10,9): error CS0656: Missing compiler required member 'Microsoft.CodeAnalysis.Runtime.Instrumentation.CreatePayload'
[22:19:39.653 Verbose] - BuildManager - C:\Users\HARIN\source\repos\Capstone-2023-EVE\Extremely Casual Game Organizer\MvcPresentation\Startup.cs(10,9): error CS0656: Missing compiler required member 'Microsoft.CodeAnalysis.Runtime.Instrumentation.CreatePayload'
[22:19:39.653 Verbose] - BuildManager - C:\Users\HARIN\source\repos\Capstone-2023-EVE\Extremely Casual Game Organizer\MvcPresentation\App_Start\Startup.Auth.cs(12,5): error CS0656: Missing compiler required member 'Microsoft.CodeAnalysis.Runtime.Instrumentation.CreatePayload'
[22:19:39.653 Verbose] - BuildManager - C:\Users\HARIN\source\repos\Capstone-2023-EVE\Extremely Casual Game Organizer\MvcPresentation\App_Start\Startup.Auth.cs(12,5): error CS0656: Missing compiler required member 'Microsoft.CodeAnalysis.Runtime.Instrumentation.CreatePayload'
[22:19:39.653 Verbose] - BuildManager - C:\Users\HARIN\source\repos\Capstone-2023-EVE\Extremely Casual Game Organizer\MvcPresentation\Controllers\AccountController.cs(48,13): error CS0656: Missing compiler required member 'Microsoft.CodeAnalysis.Runtime.Instrumentation.CreatePayload'
[22:19:39.653 Verbose] - BuildManager - C:\Users\HARIN\source\repos\Capstone-2023-EVE\Extremely Casual Game Organizer\MvcPresentation\Controllers\AccountController.cs(48,13): error CS0656: Missing compiler required member 'Microsoft.CodeAnalysis.Runtime.Instrumentation.CreatePayload'
[22:19:39.653 Verbose] - BuildManager - C:\Users\HARIN\source\repos\Capstone-2023-EVE\Extremely Casual Game Organizer\MvcPresentation\Controllers\AccountController.cs(52,13): error CS0656: Missing compiler required member 'Microsoft.CodeAnalysis.Runtime.Instrumentation.CreatePayload'
[22:19:39.653 Verbose] - BuildManager - C:\Users\HARIN\source\repos\Capstone-2023-EVE\Extremely Casual Game Organizer\MvcPresentation\Controllers\AccountController.cs(52,13): error CS0656: Missing compiler required member 'Microsoft.CodeAnalysis.Runtime.Instrumentation.CreatePayload'
[22:19:39.653 Verbose] - BuildManager - C:\Users\HARIN\source\repos\Capstone-2023-EVE\Extremely Casual Game Organizer\MvcPresentation\Models\IdentityModels.cs(37,9): error CS0656: Missing compiler required member 'Microsoft.CodeAnalysis.Runtime.Instrumentation.CreatePayload'
[22:19:39.653 Verbose] - BuildManager - C:\Users\HARIN\source\repos\Capstone-2023-EVE\Extremely Casual Game Organizer\MvcPresentation\Models\IdentityModels.cs(37,9): error CS0656: Missing compiler required member 'Microsoft.CodeAnalysis.Runtime.Instrumentation.CreatePayload'
[22:19:39.653 Verbose] - BuildManager - C:\Users\HARIN\source\repos\Capstone-2023-EVE\Extremely Casual Game Organizer\MvcPresentation\Controllers\GamesController.cs(15,9): error CS0656: Missing compiler required member 'Microsoft.CodeAnalysis.Runtime.Instrumentation.CreatePayload'
[22:19:39.653 Verbose] - BuildManager - C:\Users\HARIN\source\repos\Capstone-2023-EVE\Extremely Casual Game Organizer\MvcPresentation\Controllers\GamesController.cs(15,9): error CS0656: Missing compiler required member 'Microsoft.CodeAnalysis.Runtime.Instrumentation.CreatePayload'
[22:19:39.653 Verbose] - BuildManager - C:\Users\HARIN\source\repos\Capstone-2023-EVE\Extremely Casual Game Organizer\MvcPresentation\Controllers\MessagesController.cs(48,9): error CS0656: Missing compiler required member 'Microsoft.CodeAnalysis.Runtime.Instrumentation.CreatePayload'
[22:19:39.653 Verbose] - BuildManager - C:\Users\HARIN\source\repos\Capstone-2023-EVE\Extremely Casual Game Organizer\MvcPresentation\Controllers\MessagesController.cs(48,9): error CS0656: Missing compiler required member 'Microsoft.CodeAnalysis.Runtime.Instrumentation.CreatePayload'
[22:19:39.653 Verbose] - BuildManager - C:\Users\HARIN\source\repos\Capstone-2023-EVE\Extremely Casual Game Organizer\MvcPresentation\Models\IdentityModels.cs(46,9): error CS0656: Missing compiler required member 'Microsoft.CodeAnalysis.Runtime.Instrumentation.CreatePayload'
[22:19:39.653 Verbose] - BuildManager - C:\Users\HARIN\source\repos\Capstone-2023-EVE\Extremely Casual Game Organizer\MvcPresentation\Models\IdentityModels.cs(46,9): error CS0656: Missing compiler required member 'Microsoft.CodeAnalysis.Runtime.Instrumentation.CreatePayload'
[22:19:39.653 Verbose] - BuildManager - C:\Users\HARIN\source\repos\Capstone-2023-EVE\Extremely Casual Game Organizer\MvcPresentation\Controllers\AccountController.cs(61,9): error CS0656: Missing compiler required member 'Microsoft.CodeAnalysis.Runtime.Instrumentation.CreatePayload'
[22:19:39.653 Verbose] - BuildManager - C:\Users\HARIN\source\repos\Capstone-2023-EVE\Extremely Casual Game Organizer\MvcPresentation\Controllers\AccountController.cs(61,9): error CS0656: Missing compiler required member 'Microsoft.CodeAnalysis.Runtime.Instrumentation.CreatePayload'
[22:19:39.653 Verbose] - BuildManager - C:\Users\HARIN\source\repos\Capstone-2023-EVE\Extremely Casual Game Organizer\MvcPresentation\Controllers\HomeController.cs(12,9): error CS0656: Missing compiler required member 'Microsoft.CodeAnalysis.Runtime.Instrumentation.CreatePayload'
[22:19:39.653 Verbose] - BuildManager - C:\Users\HARIN\source\repos\Capstone-2023-EVE\Extremely Casual Game Organizer\MvcPresentation\Controllers\HomeController.cs(12,9): error CS0656: Missing compiler required member 'Microsoft.CodeAnalysis.Runtime.Instrumentation.CreatePayload'
[22:19:39.653 Verbose] - BuildManager - C:\Users\HARIN\source\repos\Capstone-2023-EVE\Extremely Casual Game Organizer\MvcPresentation\Models\IdentityModels.cs(27,9): error CS0656: Missing compiler required member 'Microsoft.CodeAnalysis.Runtime.Instrumentation.CreatePayload'
[22:19:39.653 Verbose] - BuildManager - C:\Users\HARIN\source\repos\Capstone-2023-EVE\Extremely Casual Game Organizer\MvcPresentation\Models\IdentityModels.cs(27,9): error CS0656: Missing compiler required member 'Microsoft.CodeAnalysis.Runtime.Instrumentation.CreatePayload'
[22:19:39.653 Verbose] - BuildManager - C:\Users\HARIN\source\repos\Capstone-2023-EVE\Extremely Casual Game Organizer\MvcPresentation\Models\IdentityModels.cs(19,5): error CS0656: Missing compiler required member 'Microsoft.CodeAnalysis.Runtime.Instrumentation.CreatePayload'
[22:19:39.653 Verbose] - BuildManager - C:\Users\HARIN\source\repos\Capstone-2023-EVE\Extremely Casual Game Organizer\MvcPresentation\Models\IdentityModels.cs(19,5): error CS0656: Missing compiler required member 'Microsoft.CodeAnalysis.Runtime.Instrumentation.CreatePayload'
[22:19:39.653 Verbose] - BuildManager - C:\Users\HARIN\source\repos\Capstone-2023-EVE\Extremely Casual Game Organizer\MvcPresentation\Controllers\HomeController.cs(17,9): error CS0656: Missing compiler required member 'Microsoft.CodeAnalysis.Runtime.Instrumentation.CreatePayload'
[22:19:39.653 Verbose] - BuildManager - C:\Users\HARIN\source\repos\Capstone-2023-EVE\Extremely Casual Game Organizer\MvcPresentation\Controllers\HomeController.cs(17,9): error CS0656: Missing compiler required member 'Microsoft.CodeAnalysis.Runtime.Instrumentation.CreatePayload'
[22:19:39.653 Verbose] - BuildManager - C:\Users\HARIN\source\repos\Capstone-2023-EVE\Extremely Casual Game Organizer\MvcPresentation\Controllers\HomeController.cs(24,9): error CS0656: Missing compiler required member 'Microsoft.CodeAnalysis.Runtime.Instrumentation.CreatePayload'
[22:19:39.653 Verbose] - BuildManager - C:\Users\HARIN\source\repos\Capstone-2023-EVE\Extremely Casual Game Organizer\MvcPresentation\Controllers\HomeController.cs(24,9): error CS0656: Missing compiler required member 'Microsoft.CodeAnalysis.Runtime.Instrumentation.CreatePayload'
[22:19:39.653 Verbose] - BuildManager - C:\Users\HARIN\source\repos\Capstone-2023-EVE\Extremely Casual Game Organizer\MvcPresentation\Controllers\HomeController.cs(9,5): error CS0656: Missing compiler required member 'Microsoft.CodeAnalysis.Runtime.Instrumentation.CreatePayload'
[22:19:39.653 Verbose] - BuildManager - C:\Users\HARIN\source\repos\Capstone-2023-EVE\Extremely Casual Game Organizer\MvcPresentation\Controllers\HomeController.cs(9,5): error CS0656: Missing compiler required member 'Microsoft.CodeAnalysis.Runtime.Instrumentation.CreatePayload'
[22:19:39.653 Verbose] - BuildManager - C:\Users\HARIN\source\repos\Capstone-2023-EVE\Extremely Casual Game Organizer\MvcPresentation\Controllers\MessagesController.cs(71,9): error CS0656: Missing compiler required member 'Microsoft.CodeAnalysis.Runtime.Instrumentation.CreatePayload'
[22:19:39.653 Verbose] - BuildManager - C:\Users\HARIN\source\repos\Capstone-2023-EVE\Extremely Casual Game Organizer\MvcPresentation\Controllers\MessagesController.cs(71,9): error CS0656: Missing compiler required member 'Microsoft.CodeAnalysis.Runtime.Instrumentation.CreatePayload'
[22:19:39.653 Verbose] - BuildManager - C:\Users\HARIN\source\repos\Capstone-2023-EVE\Extremely Casual Game Organizer\MvcPresentation\Controllers\LeagueController.cs(18,9): error CS0656: Missing compiler required member 'Microsoft.CodeAnalysis.Runtime.Instrumentation.CreatePayload'
[22:19:39.653 Verbose] - BuildManager - C:\Users\HARIN\source\repos\Capstone-2023-EVE\Extremely Casual Game Organizer\MvcPresentation\Controllers\LeagueController.cs(18,9): error CS0656: Missing compiler required member 'Microsoft.CodeAnalysis.Runtime.Instrumentation.CreatePayload'
[22:19:39.653 Verbose] - BuildManager - C:\Users\HARIN\source\repos\Capstone-2023-EVE\Extremely Casual Game Organizer\MvcPresentation\Controllers\GamesController.cs(21,9): error CS0656: Missing compiler required member 'Microsoft.CodeAnalysis.Runtime.Instrumentation.CreatePayload'
[22:19:39.653 Verbose] - BuildManager - C:\Users\HARIN\source\repos\Capstone-2023-EVE\Extremely Casual Game Organizer\MvcPresentation\Controllers\ManageController.cs(19,9): error CS0656: Missing compiler required member 'Microsoft.CodeAnalysis.Runtime.Instrumentation.CreatePayload'
[22:19:39.654 Verbose] - BuildManager - C:\Users\HARIN\source\repos\Capstone-2023-EVE\Extremely Casual Game Organizer\MvcPresentation\Controllers\ManageController.cs(19,9): error CS0656: Missing compiler required member 'Microsoft.CodeAnalysis.Runtime.Instrumentation.CreatePayload'
[22:19:39.654 Verbose] - BuildManager - C:\Users\HARIN\source\repos\Capstone-2023-EVE\Extremely Casual Game Organizer\MvcPresentation\Controllers\GamesController.cs(21,9): error CS0656: Missing compiler required member 'Microsoft.CodeAnalysis.Runtime.Instrumentation.CreatePayload'
[22:19:39.654 Verbose] - BuildManager - C:\Users\HARIN\source\repos\Capstone-2023-EVE\Extremely Casual Game Organizer\MvcPresentation\Controllers\MessagesController.cs(98,9): error CS0656: Missing compiler required member 'Microsoft.CodeAnalysis.Runtime.Instrumentation.CreatePayload'
[22:19:39.654 Verbose] - BuildManager - C:\Users\HARIN\source\repos\Capstone-2023-EVE\Extremely Casual Game Organizer\MvcPresentation\Controllers\MessagesController.cs(98,9): error CS0656: Missing compiler required member 'Microsoft.CodeAnalysis.Runtime.Instrumentation.CreatePayload'
[22:19:39.654 Verbose] - BuildManager - C:\Users\HARIN\source\repos\Capstone-2023-EVE\Extremely Casual Game Organizer\MvcPresentation\Controllers\ManageController.cs(23,9): error CS0656: Missing compiler required member 'Microsoft.CodeAnalysis.Runtime.Instrumentation.CreatePayload'
[22:19:39.654 Verbose] - BuildManager - C:\Users\HARIN\source\repos\Capstone-2023-EVE\Extremely Casual Game Organizer\MvcPresentation\Controllers\ManageController.cs(23,9): error CS0656: Missing compiler required member 'Microsoft.CodeAnalysis.Runtime.Instrumentation.CreatePayload'
[22:19:39.654 Verbose] - BuildManager - C:\Users\HARIN\source\repos\Capstone-2023-EVE\Extremely Casual Game Organizer\MvcPresentation\Controllers\LeagueController.cs(33,9): error CS0656: Missing compiler required member 'Microsoft.CodeAnalysis.Runtime.Instrumentation.CreatePayload'
[22:19:39.654 Verbose] - BuildManager - C:\Users\HARIN\source\repos\Capstone-2023-EVE\Extremely Casual Game Organizer\MvcPresentation\Controllers\LeagueController.cs(33,9): error CS0656: Missing compiler required member 'Microsoft.CodeAnalysis.Runtime.Instrumentation.CreatePayload'
[22:19:39.654 Verbose] - BuildManager - C:\Users\HARIN\source\repos\Capstone-2023-EVE\Extremely Casual Game Organizer\MvcPresentation\Controllers\LeagueController.cs(44,9): error CS0656: Missing compiler required member 'Microsoft.CodeAnalysis.Runtime.Instrumentation.CreatePayload'
[22:19:39.654 Verbose] - BuildManager - C:\Users\HARIN\source\repos\Capstone-2023-EVE\Extremely Casual Game Organizer\MvcPresentation\Controllers\LeagueController.cs(44,9): error CS0656: Missing compiler required member 'Microsoft.CodeAnalysis.Runtime.Instrumentation.CreatePayload'
[22:19:39.654 Verbose] - BuildManager - C:\Users\HARIN\source\repos\Capstone-2023-EVE\Extremely Casual Game Organizer\MvcPresentation\Controllers\LeagueController.cs(51,9): error CS0656: Missing compiler required member 'Microsoft.CodeAnalysis.Runtime.Instrumentation.CreatePayload'
[22:19:39.654 Verbose] - BuildManager - C:\Users\HARIN\source\repos\Capstone-2023-EVE\Extremely Casual Game Organizer\MvcPresentation\Controllers\LeagueController.cs(51,9): error CS0656: Missing compiler required member 'Microsoft.CodeAnalysis.Runtime.Instrumentation.CreatePayload'
[22:19:39.654 Verbose] - BuildManager - C:\Users\HARIN\source\repos\Capstone-2023-EVE\Extremely Casual Game Organizer\MvcPresentation\Controllers\LeagueController.cs(66,9): error CS0656: Missing compiler required member 'Microsoft.CodeAnalysis.Runtime.Instrumentation.CreatePayload'
[22:19:39.654 Verbose] - BuildManager - C:\Users\HARIN\source\repos\Capstone-2023-EVE\Extremely Casual Game Organizer\MvcPresentation\Controllers\LeagueController.cs(66,9): error CS0656: Missing compiler required member 'Microsoft.CodeAnalysis.Runtime.Instrumentation.CreatePayload'
[22:19:39.654 Verbose] - BuildManager - C:\Users\HARIN\source\repos\Capstone-2023-EVE\Extremely Casual Game Organizer\MvcPresentation\Controllers\AccountController.cs(72,9): error CS0656: Missing compiler required member 'Microsoft.CodeAnalysis.Runtime.Instrumentation.CreatePayload'
[22:19:39.654 Verbose] - BuildManager - C:\Users\HARIN\source\repos\Capstone-2023-EVE\Extremely Casual Game Organizer\MvcPresentation\Controllers\AccountController.cs(72,9): error CS0656: Missing compiler required member 'Microsoft.CodeAnalysis.Runtime.Instrumentation.CreatePayload'
[22:19:39.654 Verbose] - BuildManager - C:\Users\HARIN\source\repos\Capstone-2023-EVE\Extremely Casual Game Organizer\MvcPresentation\Controllers\LeagueController.cs(73,9): error CS0656: Missing compiler required member 'Microsoft.CodeAnalysis.Runtime.Instrumentation.CreatePayload'
[22:19:39.654 Verbose] - BuildManager - C:\Users\HARIN\source\repos\Capstone-2023-EVE\Extremely Casual Game Organizer\MvcPresentation\Controllers\LeagueController.cs(73,9): error CS0656: Missing compiler required member 'Microsoft.CodeAnalysis.Runtime.Instrumentation.CreatePayload'
[22:19:39.654 Verbose] - BuildManager - C:\Users\HARIN\source\repos\Capstone-2023-EVE\Extremely Casual Game Organizer\MvcPresentation\Controllers\LeagueController.cs(88,9): error CS0656: Missing compiler required member 'Microsoft.CodeAnalysis.Runtime.Instrumentation.CreatePayload'
[22:19:39.654 Verbose] - BuildManager - C:\Users\HARIN\source\repos\Capstone-2023-EVE\Extremely Casual Game Organizer\MvcPresentation\Controllers\LeagueController.cs(88,9): error CS0656: Missing compiler required member 'Microsoft.CodeAnalysis.Runtime.Instrumentation.CreatePayload'
[22:19:39.654 Verbose] - BuildManager - C:\Users\HARIN\source\repos\Capstone-2023-EVE\Extremely Casual Game Organizer\MvcPresentation\Controllers\MessagesController.cs(105,9): error CS0656: Missing compiler required member 'Microsoft.CodeAnalysis.Runtime.Instrumentation.CreatePayload'
[22:19:39.654 Verbose] - BuildManager - C:\Users\HARIN\source\repos\Capstone-2023-EVE\Extremely Casual Game Organizer\MvcPresentation\Controllers\MessagesController.cs(105,9): error CS0656: Missing compiler required member 'Microsoft.CodeAnalysis.Runtime.Instrumentation.CreatePayload'
[22:19:39.654 Verbose] - BuildManager - C:\Users\HARIN\source\repos\Capstone-2023-EVE\Extremely Casual Game Organizer\MvcPresentation\Controllers\ManageController.cs(32,13): error CS0656: Missing compiler required member 'Microsoft.CodeAnalysis.Runtime.Instrumentation.CreatePayload'
[22:19:39.654 Verbose] - BuildManager - C:\Users\HARIN\source\repos\Capstone-2023-EVE\Extremely Casual Game Organizer\MvcPresentation\Controllers\ManageController.cs(32,13): error CS0656: Missing compiler required member 'Microsoft.CodeAnalysis.Runtime.Instrumentation.CreatePayload'
[22:19:39.654 Verbose] - BuildManager - C:\Users\HARIN\source\repos\Capstone-2023-EVE\Extremely Casual Game Organizer\MvcPresentation\Controllers\LeagueController.cs(95,9): error CS0656: Missing compiler required member 'Microsoft.CodeAnalysis.Runtime.Instrumentation.CreatePayload'
[22:19:39.654 Verbose] - BuildManager - C:\Users\HARIN\source\repos\Capstone-2023-EVE\Extremely Casual Game Organizer\MvcPresentation\Controllers\LeagueController.cs(95,9): error CS0656: Missing compiler required member 'Microsoft.CodeAnalysis.Runtime.Instrumentation.CreatePayload'
[22:19:39.654 Verbose] - BuildManager - C:\Users\HARIN\source\repos\Capstone-2023-EVE\Extremely Casual Game Organizer\MvcPresentation\Controllers\ManageController.cs(36,13): error CS0656: Missing compiler required member 'Microsoft.CodeAnalysis.Runtime.Instrumentation.CreatePayload'
[22:19:39.654 Verbose] - BuildManager - C:\Users\HARIN\source\repos\Capstone-2023-EVE\Extremely Casual Game Organizer\MvcPresentation\Controllers\ManageController.cs(36,13): error CS0656: Missing compiler required member 'Microsoft.CodeAnalysis.Runtime.Instrumentation.CreatePayload'
[22:19:39.654 Verbose] - BuildManager - C:\Users\HARIN\source\repos\Capstone-2023-EVE\Extremely Casual Game Organizer\MvcPresentation\Controllers\LeagueController.cs(11,5): error CS0656: Missing compiler required member 'Microsoft.CodeAnalysis.Runtime.Instrumentation.CreatePayload'
[22:19:39.654 Verbose] - BuildManager - C:\Users\HARIN\source\repos\Capstone-2023-EVE\Extremely Casual Game Organizer\MvcPresentation\Controllers\LeagueController.cs(11,5): error CS0656: Missing compiler required member 'Microsoft.CodeAnalysis.Runtime.Instrumentation.CreatePayload'
[22:19:39.654 Verbose] - BuildManager - C:\Users\HARIN\source\repos\Capstone-2023-EVE\Extremely Casual Game Organizer\MvcPresentation\Controllers\MessagesController.cs(117,9): error CS0656: Missing compiler required member 'Microsoft.CodeAnalysis.Runtime.Instrumentation.CreatePayload'
[22:19:39.654 Verbose] - BuildManager - C:\Users\HARIN\source\repos\Capstone-2023-EVE\Extremely Casual Game Organizer\MvcPresentation\Controllers\MessagesController.cs(117,9): error CS0656: Missing compiler required member 'Microsoft.CodeAnalysis.Runtime.Instrumentation.CreatePayload'
[22:19:39.654 Verbose] - BuildManager - C:\Users\HARIN\source\repos\Capstone-2023-EVE\Extremely Casual Game Organizer\MvcPresentation\Controllers\SearchController.cs(21,9): error CS0656: Missing compiler required member 'Microsoft.CodeAnalysis.Runtime.Instrumentation.CreatePayload'
[22:19:39.654 Verbose] - BuildManager - C:\Users\HARIN\source\repos\Capstone-2023-EVE\Extremely Casual Game Organizer\MvcPresentation\Controllers\SearchController.cs(21,9): error CS0656: Missing compiler required member 'Microsoft.CodeAnalysis.Runtime.Instrumentation.CreatePayload'
[22:19:39.654 Verbose] - BuildManager - C:\Users\HARIN\source\repos\Capstone-2023-EVE\Extremely Casual Game Organizer\MvcPresentation\Controllers\AccountController.cs(100,9): error CS0656: Missing compiler required member 'Microsoft.CodeAnalysis.Runtime.Instrumentation.CreatePayload'
[22:19:39.654 Verbose] - BuildManager - C:\Users\HARIN\source\repos\Capstone-2023-EVE\Extremely Casual Game Organizer\MvcPresentation\Controllers\AccountController.cs(100,9): error CS0656: Missing compiler required member 'Microsoft.CodeAnalysis.Runtime.Instrumentation.CreatePayload'
[22:19:39.654 Verbose] - BuildManager - C:\Users\HARIN\source\repos\Capstone-2023-EVE\Extremely Casual Game Organizer\MvcPresentation\Controllers\MessagesController.cs(132,9): error CS0656: Missing compiler required member 'Microsoft.CodeAnalysis.Runtime.Instrumentation.CreatePayload'
[22:19:39.654 Verbose] - BuildManager - C:\Users\HARIN\source\repos\Capstone-2023-EVE\Extremely Casual Game Organizer\MvcPresentation\Controllers\MessagesController.cs(132,9): error CS0656: Missing compiler required member 'Microsoft.CodeAnalysis.Runtime.Instrumentation.CreatePayload'
[22:19:39.654 Verbose] - BuildManager - C:\Users\HARIN\source\repos\Capstone-2023-EVE\Extremely Casual Game Organizer\MvcPresentation\Controllers\ManageController.cs(44,13): error CS0656: Missing compiler required member 'Microsoft.CodeAnalysis.Runtime.Instrumentation.CreatePayload'
[22:19:39.654 Verbose] - BuildManager - C:\Users\HARIN\source\repos\Capstone-2023-EVE\Extremely Casual Game Organizer\MvcPresentation\Controllers\ManageController.cs(44,13): error CS0656: Missing compiler required member 'Microsoft.CodeAnalysis.Runtime.Instrumentation.CreatePayload'
[22:19:39.654 Verbose] - BuildManager - C:\Users\HARIN\source\repos\Capstone-2023-EVE\Extremely Casual Game Organizer\MvcPresentation\Controllers\MessagesController.cs(146,9): error CS0656: Missing compiler required member 'Microsoft.CodeAnalysis.Runtime.Instrumentation.CreatePayload'
[22:19:39.654 Verbose] - BuildManager - C:\Users\HARIN\source\repos\Capstone-2023-EVE\Extremely Casual Game Organizer\MvcPresentation\Controllers\MessagesController.cs(146,9): error CS0656: Missing compiler required member 'Microsoft.CodeAnalysis.Runtime.Instrumentation.CreatePayload'
[22:19:39.654 Verbose] - BuildManager - C:\Users\HARIN\source\repos\Capstone-2023-EVE\Extremely Casual Game Organizer\MvcPresentation\Controllers\MessagesController.cs(11,5): error CS0656: Missing compiler required member 'Microsoft.CodeAnalysis.Runtime.Instrumentation.CreatePayload'
[22:19:39.654 Verbose] - BuildManager - C:\Users\HARIN\source\repos\Capstone-2023-EVE\Extremely Casual Game Organizer\MvcPresentation\Controllers\MessagesController.cs(11,5): error CS0656: Missing compiler required member 'Microsoft.CodeAnalysis.Runtime.Instrumentation.CreatePayload'
[22:19:39.654 Verbose] - BuildManager - C:\Users\HARIN\source\repos\Capstone-2023-EVE\Extremely Casual Game Organizer\MvcPresentation\Controllers\ManageController.cs(48,13): error CS0656: Missing compiler required member 'Microsoft.CodeAnalysis.Runtime.Instrumentation.CreatePayload'
[22:19:39.654 Verbose] - BuildManager - C:\Users\HARIN\source\repos\Capstone-2023-EVE\Extremely Casual Game Organizer\MvcPresentation\Controllers\ManageController.cs(48,13): error CS0656: Missing compiler required member 'Microsoft.CodeAnalysis.Runtime.Instrumentation.CreatePayload'
[22:19:39.654 Verbose] - BuildManager - C:\Users\HARIN\source\repos\Capstone-2023-EVE\Extremely Casual Game Organizer\MvcPresentation\Controllers\AdminController.cs(29,9): error CS0656: Missing compiler required member 'Microsoft.CodeAnalysis.Runtime.Instrumentation.CreatePayload'
[22:19:39.654 Verbose] - BuildManager - C:\Users\HARIN\source\repos\Capstone-2023-EVE\Extremely Casual Game Organizer\MvcPresentation\Controllers\AdminController.cs(29,9): error CS0656: Missing compiler required member 'Microsoft.CodeAnalysis.Runtime.Instrumentation.CreatePayload'
[22:19:39.654 Verbose] - BuildManager - C:\Users\HARIN\source\repos\Capstone-2023-EVE\Extremely Casual Game Organizer\MvcPresentation\Controllers\SearchController.cs(26,9): error CS0656: Missing compiler required member 'Microsoft.CodeAnalysis.Runtime.Instrumentation.CreatePayload'
[22:19:39.654 Verbose] - BuildManager - C:\Users\HARIN\source\repos\Capstone-2023-EVE\Extremely Casual Game Organizer\MvcPresentation\Controllers\SearchController.cs(26,9): error CS0656: Missing compiler required member 'Microsoft.CodeAnalysis.Runtime.Instrumentation.CreatePayload'
[22:19:39.654 Verbose] - BuildManager - C:\Users\HARIN\source\repos\Capstone-2023-EVE\Extremely Casual Game Organizer\MvcPresentation\Controllers\AccountController.cs(115,9): error CS0656: Missing compiler required member 'Microsoft.CodeAnalysis.Runtime.Instrumentation.CreatePayload'
[22:19:39.654 Verbose] - BuildManager - C:\Users\HARIN\source\repos\Capstone-2023-EVE\Extremely Casual Game Organizer\MvcPresentation\Controllers\AccountController.cs(115,9): error CS0656: Missing compiler required member 'Microsoft.CodeAnalysis.Runtime.Instrumentation.CreatePayload'
[22:19:39.654 Verbose] - BuildManager - C:\Users\HARIN\source\repos\Capstone-2023-EVE\Extremely Casual Game Organizer\MvcPresentation\Controllers\AccountController.cs(143,9): error CS0656: Missing compiler required member 'Microsoft.CodeAnalysis.Runtime.Instrumentation.CreatePayload'
[22:19:39.654 Verbose] - BuildManager - C:\Users\HARIN\source\repos\Capstone-2023-EVE\Extremely Casual Game Organizer\MvcPresentation\Controllers\AccountController.cs(143,9): error CS0656: Missing compiler required member 'Microsoft.CodeAnalysis.Runtime.Instrumentation.CreatePayload'
[22:19:39.654 Verbose] - BuildManager - C:\Users\HARIN\source\repos\Capstone-2023-EVE\Extremely Casual Game Organizer\MvcPresentation\Controllers\TeamsController.cs(21,9): error CS0656: Missing compiler required member 'Microsoft.CodeAnalysis.Runtime.Instrumentation.CreatePayload'
[22:19:39.654 Verbose] - BuildManager - C:\Users\HARIN\source\repos\Capstone-2023-EVE\Extremely Casual Game Organizer\MvcPresentation\Controllers\TeamsController.cs(21,9): error CS0656: Missing compiler required member 'Microsoft.CodeAnalysis.Runtime.Instrumentation.CreatePayload'
[22:19:39.654 Verbose] - BuildManager - C:\Users\HARIN\source\repos\Capstone-2023-EVE\Extremely Casual Game Organizer\MvcPresentation\Controllers\TeamsController.cs(27,9): error CS0656: Missing compiler required member 'Microsoft.CodeAnalysis.Runtime.Instrumentation.CreatePayload'
[22:19:39.654 Verbose] - BuildManager - C:\Users\HARIN\source\repos\Capstone-2023-EVE\Extremely Casual Game Organizer\MvcPresentation\Controllers\TeamsController.cs(27,9): error CS0656: Missing compiler required member 'Microsoft.CodeAnalysis.Runtime.Instrumentation.CreatePayload'
[22:19:39.654 Verbose] - BuildManager - C:\Users\HARIN\source\repos\Capstone-2023-EVE\Extremely Casual Game Organizer\MvcPresentation\Controllers\SearchController.cs(44,9): error CS0656: Missing compiler required member 'Microsoft.CodeAnalysis.Runtime.Instrumentation.CreatePayload'
[22:19:39.654 Verbose] - BuildManager - C:\Users\HARIN\source\repos\Capstone-2023-EVE\Extremely Casual Game Organizer\MvcPresentation\Controllers\SearchController.cs(44,9): error CS0656: Missing compiler required member 'Microsoft.CodeAnalysis.Runtime.Instrumentation.CreatePayload'
[22:19:39.654 Verbose] - BuildManager - C:\Users\HARIN\source\repos\Capstone-2023-EVE\Extremely Casual Game Organizer\MvcPresentation\Controllers\TournamentsController.cs(60,9): error CS0656: Missing compiler required member 'Microsoft.CodeAnalysis.Runtime.Instrumentation.CreatePayload'
[22:19:39.654 Verbose] - BuildManager - C:\Users\HARIN\source\repos\Capstone-2023-EVE\Extremely Casual Game Organizer\MvcPresentation\Controllers\TournamentsController.cs(60,9): error CS0656: Missing compiler required member 'Microsoft.CodeAnalysis.Runtime.Instrumentation.CreatePayload'
[22:19:39.654 Verbose] - BuildManager - C:\Users\HARIN\source\repos\Capstone-2023-EVE\Extremely Casual Game Organizer\MvcPresentation\Controllers\TournamentsController.cs(119,9): error CS0656: Missing compiler required member 'Microsoft.CodeAnalysis.Runtime.Instrumentation.CreatePayload'
[22:19:39.654 Verbose] - BuildManager - C:\Users\HARIN\source\repos\Capstone-2023-EVE\Extremely Casual Game Organizer\MvcPresentation\Controllers\TournamentsController.cs(119,9): error CS0656: Missing compiler required member 'Microsoft.CodeAnalysis.Runtime.Instrumentation.CreatePayload'
[22:19:39.654 Verbose] - BuildManager - C:\Users\HARIN\source\repos\Capstone-2023-EVE\Extremely Casual Game Organizer\MvcPresentation\Migrations\Configuration.cs(20,9): error CS0656: Missing compiler required member 'Microsoft.CodeAnalysis.Runtime.Instrumentation.CreatePayload'
[22:19:39.654 Verbose] - BuildManager - C:\Users\HARIN\source\repos\Capstone-2023-EVE\Extremely Casual Game Organizer\MvcPresentation\Migrations\Configuration.cs(20,9): error CS0656: Missing compiler required member 'Microsoft.CodeAnalysis.Runtime.Instrumentation.CreatePayload'
[22:19:39.654 Verbose] - BuildManager - C:\Users\HARIN\source\repos\Capstone-2023-EVE\Extremely Casual Game Organizer\MvcPresentation\Controllers\SearchController.cs(73,9): error CS0656: Missing compiler required member 'Microsoft.CodeAnalysis.Runtime.Instrumentation.CreatePayload'
[22:19:39.654 Verbose] - BuildManager - C:\Users\HARIN\source\repos\Capstone-2023-EVE\Extremely Casual Game Organizer\MvcPresentation\Controllers\SearchController.cs(73,9): error CS0656: Missing compiler required member 'Microsoft.CodeAnalysis.Runtime.Instrumentation.CreatePayload'
[22:19:39.654 Verbose] - BuildManager - C:\Users\HARIN\source\repos\Capstone-2023-EVE\Extremely Casual Game Organizer\MvcPresentation\Controllers\SearchController.cs(11,5): error CS0656: Missing compiler required member 'Microsoft.CodeAnalysis.Runtime.Instrumentation.CreatePayload'
[22:19:39.654 Verbose] - BuildManager - C:\Users\HARIN\source\repos\Capstone-2023-EVE\Extremely Casual Game Organizer\MvcPresentation\Controllers\SearchController.cs(11,5): error CS0656: Missing compiler required member 'Microsoft.CodeAnalysis.Runtime.Instrumentation.CreatePayload'
[22:19:39.654 Verbose] - BuildManager - C:\Users\HARIN\source\repos\Capstone-2023-EVE\Extremely Casual Game Organizer\MvcPresentation\Controllers\TeamsController.cs(42,9): error CS0656: Missing compiler required member 'Microsoft.CodeAnalysis.Runtime.Instrumentation.CreatePayload'
[22:19:39.654 Verbose] - BuildManager - C:\Users\HARIN\source\repos\Capstone-2023-EVE\Extremely Casual Game Organizer\MvcPresentation\Controllers\TeamsController.cs(42,9): error CS0656: Missing compiler required member 'Microsoft.CodeAnalysis.Runtime.Instrumentation.CreatePayload'
[22:19:39.654 Verbose] - BuildManager - C:\Users\HARIN\source\repos\Capstone-2023-EVE\Extremely Casual Game Organizer\MvcPresentation\Controllers\TournamentsController.cs(136,9): error CS0656: Missing compiler required member 'Microsoft.CodeAnalysis.Runtime.Instrumentation.CreatePayload'
[22:19:39.654 Verbose] - BuildManager - C:\Users\HARIN\source\repos\Capstone-2023-EVE\Extremely Casual Game Organizer\MvcPresentation\Controllers\TournamentsController.cs(136,9): error CS0656: Missing compiler required member 'Microsoft.CodeAnalysis.Runtime.Instrumentation.CreatePayload'
[22:19:39.654 Verbose] - BuildManager - C:\Users\HARIN\source\repos\Capstone-2023-EVE\Extremely Casual Game Organizer\MvcPresentation\Controllers\AdminController.cs(37,9): error CS0656: Missing compiler required member 'Microsoft.CodeAnalysis.Runtime.Instrumentation.CreatePayload'
[22:19:39.654 Verbose] - BuildManager - C:\Users\HARIN\source\repos\Capstone-2023-EVE\Extremely Casual Game Organizer\MvcPresentation\Controllers\AdminController.cs(37,9): error CS0656: Missing compiler required member 'Microsoft.CodeAnalysis.Runtime.Instrumentation.CreatePayload'
[22:19:39.654 Verbose] - BuildManager - C:\Users\HARIN\source\repos\Capstone-2023-EVE\Extremely Casual Game Organizer\MvcPresentation\Controllers\TeamsController.cs(87,9): error CS0656: Missing compiler required member 'Microsoft.CodeAnalysis.Runtime.Instrumentation.CreatePayload'
[22:19:39.654 Verbose] - BuildManager - C:\Users\HARIN\source\repos\Capstone-2023-EVE\Extremely Casual Game Organizer\MvcPresentation\Controllers\TeamsController.cs(87,9): error CS0656: Missing compiler required member 'Microsoft.CodeAnalysis.Runtime.Instrumentation.CreatePayload'
[22:19:39.654 Verbose] - BuildManager - C:\Users\HARIN\source\repos\Capstone-2023-EVE\Extremely Casual Game Organizer\MvcPresentation\Controllers\TournamentsController.cs(183,9): error CS0656: Missing compiler required member 'Microsoft.CodeAnalysis.Runtime.Instrumentation.CreatePayload'
[22:19:39.654 Verbose] - BuildManager - C:\Users\HARIN\source\repos\Capstone-2023-EVE\Extremely Casual Game Organizer\MvcPresentation\Controllers\TournamentsController.cs(183,9): error CS0656: Missing compiler required member 'Microsoft.CodeAnalysis.Runtime.Instrumentation.CreatePayload'
[22:19:39.654 Verbose] - BuildManager - C:\Users\HARIN\source\repos\Capstone-2023-EVE\Extremely Casual Game Organizer\MvcPresentation\Controllers\TeamsController.cs(111,9): error CS0656: Missing compiler required member 'Microsoft.CodeAnalysis.Runtime.Instrumentation.CreatePayload'
[22:19:39.654 Verbose] - BuildManager - C:\Users\HARIN\source\repos\Capstone-2023-EVE\Extremely Casual Game Organizer\MvcPresentation\Controllers\TeamsController.cs(111,9): error CS0656: Missing compiler required member 'Microsoft.CodeAnalysis.Runtime.Instrumentation.CreatePayload'
[22:19:39.654 Verbose] - BuildManager - C:\Users\HARIN\source\repos\Capstone-2023-EVE\Extremely Casual Game Organizer\MvcPresentation\Controllers\TeamsController.cs(11,5): error CS0656: Missing compiler required member 'Microsoft.CodeAnalysis.Runtime.Instrumentation.CreatePayload'
[22:19:39.654 Verbose] - BuildManager - C:\Users\HARIN\source\repos\Capstone-2023-EVE\Extremely Casual Game Organizer\MvcPresentation\Controllers\TeamsController.cs(11,5): error CS0656: Missing compiler required member 'Microsoft.CodeAnalysis.Runtime.Instrumentation.CreatePayload'
[22:19:39.654 Verbose] - BuildManager - C:\Users\HARIN\source\repos\Capstone-2023-EVE\Extremely Casual Game Organizer\MvcPresentation\Controllers\TournamentsController.cs(222,9): error CS0656: Missing compiler required member 'Microsoft.CodeAnalysis.Runtime.Instrumentation.CreatePayload'
[22:19:39.654 Verbose] - BuildManager - C:\Users\HARIN\source\repos\Capstone-2023-EVE\Extremely Casual Game Organizer\MvcPresentation\Controllers\TournamentsController.cs(222,9): error CS0656: Missing compiler required member 'Microsoft.CodeAnalysis.Runtime.Instrumentation.CreatePayload'
[22:19:39.654 Verbose] - BuildManager - C:\Users\HARIN\source\repos\Capstone-2023-EVE\Extremely Casual Game Organizer\MvcPresentation\Controllers\ManageController.cs(56,9): error CS0656: Missing compiler required member 'Microsoft.CodeAnalysis.Runtime.Instrumentation.CreatePayload'
[22:19:39.654 Verbose] - BuildManager - C:\Users\HARIN\source\repos\Capstone-2023-EVE\Extremely Casual Game Organizer\MvcPresentation\Controllers\ManageController.cs(56,9): error CS0656: Missing compiler required member 'Microsoft.CodeAnalysis.Runtime.Instrumentation.CreatePayload'
[22:19:39.654 Verbose] - BuildManager - C:\Users\HARIN\source\repos\Capstone-2023-EVE\Extremely Casual Game Organizer\MvcPresentation\Controllers\AdminController.cs(157,9): error CS0656: Missing compiler required member 'Microsoft.CodeAnalysis.Runtime.Instrumentation.CreatePayload'
[22:19:39.654 Verbose] - BuildManager - C:\Users\HARIN\source\repos\Capstone-2023-EVE\Extremely Casual Game Organizer\MvcPresentation\Controllers\AdminController.cs(157,9): error CS0656: Missing compiler required member 'Microsoft.CodeAnalysis.Runtime.Instrumentation.CreatePayload'
[22:19:39.654 Verbose] - BuildManager - C:\Users\HARIN\source\repos\Capstone-2023-EVE\Extremely Casual Game Organizer\MvcPresentation\Controllers\ManageController.cs(83,9): error CS0656: Missing compiler required member 'Microsoft.CodeAnalysis.Runtime.Instrumentation.CreatePayload'
[22:19:39.654 Verbose] - BuildManager - C:\Users\HARIN\source\repos\Capstone-2023-EVE\Extremely Casual Game Organizer\MvcPresentation\Controllers\ManageController.cs(83,9): error CS0656: Missing compiler required member 'Microsoft.CodeAnalysis.Runtime.Instrumentation.CreatePayload'
[22:19:39.654 Verbose] - BuildManager - C:\Users\HARIN\source\repos\Capstone-2023-EVE\Extremely Casual Game Organizer\MvcPresentation\Controllers\AdminController.cs(22,5): error CS0656: Missing compiler required member 'Microsoft.CodeAnalysis.Runtime.Instrumentation.CreatePayload'
[22:19:39.654 Verbose] - BuildManager - C:\Users\HARIN\source\repos\Capstone-2023-EVE\Extremely Casual Game Organizer\MvcPresentation\Controllers\AdminController.cs(22,5): error CS0656: Missing compiler required member 'Microsoft.CodeAnalysis.Runtime.Instrumentation.CreatePayload'
[22:19:39.654 Verbose] - BuildManager - C:\Users\HARIN\source\repos\Capstone-2023-EVE\Extremely Casual Game Organizer\MvcPresentation\Controllers\ManageController.cs(105,9): error CS0656: Missing compiler required member 'Microsoft.CodeAnalysis.Runtime.Instrumentation.CreatePayload'
[22:19:39.654 Verbose] - BuildManager - C:\Users\HARIN\source\repos\Capstone-2023-EVE\Extremely Casual Game Organizer\MvcPresentation\Controllers\ManageController.cs(105,9): error CS0656: Missing compiler required member 'Microsoft.CodeAnalysis.Runtime.Instrumentation.CreatePayload'
[22:19:39.654 Verbose] - BuildManager - C:\Users\HARIN\source\repos\Capstone-2023-EVE\Extremely Casual Game Organizer\MvcPresentation\Controllers\TournamentsController.cs(262,9): error CS0656: Missing compiler required member 'Microsoft.CodeAnalysis.Runtime.Instrumentation.CreatePayload'
[22:19:39.654 Verbose] - BuildManager - C:\Users\HARIN\source\repos\Capstone-2023-EVE\Extremely Casual Game Organizer\MvcPresentation\Controllers\TournamentsController.cs(262,9): error CS0656: Missing compiler required member 'Microsoft.CodeAnalysis.Runtime.Instrumentation.CreatePayload'
[22:19:39.654 Verbose] - BuildManager - C:\Users\HARIN\source\repos\Capstone-2023-EVE\Extremely Casual Game Organizer\MvcPresentation\Controllers\AccountController.cs(159,9): error CS0656: Missing compiler required member 'Microsoft.CodeAnalysis.Runtime.Instrumentation.CreatePayload'
[22:19:39.654 Verbose] - BuildManager - C:\Users\HARIN\source\repos\Capstone-2023-EVE\Extremely Casual Game Organizer\MvcPresentation\Controllers\AccountController.cs(159,9): error CS0656: Missing compiler required member 'Microsoft.CodeAnalysis.Runtime.Instrumentation.CreatePayload'
[22:19:39.654 Verbose] - BuildManager - C:\Users\HARIN\source\repos\Capstone-2023-EVE\Extremely Casual Game Organizer\MvcPresentation\Controllers\ManageController.cs(114,9): error CS0656: Missing compiler required member 'Microsoft.CodeAnalysis.Runtime.Instrumentation.CreatePayload'
[22:19:39.654 Verbose] - BuildManager - C:\Users\HARIN\source\repos\Capstone-2023-EVE\Extremely Casual Game Organizer\MvcPresentation\Controllers\ManageController.cs(114,9): error CS0656: Missing compiler required member 'Microsoft.CodeAnalysis.Runtime.Instrumentation.CreatePayload'
[22:19:39.654 Verbose] - BuildManager - C:\Users\HARIN\source\repos\Capstone-2023-EVE\Extremely Casual Game Organizer\MvcPresentation\Controllers\TournamentsController.cs(292,9): error CS0656: Missing compiler required member 'Microsoft.CodeAnalysis.Runtime.Instrumentation.CreatePayload'
[22:19:39.654 Verbose] - BuildManager - C:\Users\HARIN\source\repos\Capstone-2023-EVE\Extremely Casual Game Organizer\MvcPresentation\Controllers\TournamentsController.cs(292,9): error CS0656: Missing compiler required member 'Microsoft.CodeAnalysis.Runtime.Instrumentation.CreatePayload'
[22:19:39.654 Verbose] - BuildManager - C:\Users\HARIN\source\repos\Capstone-2023-EVE\Extremely Casual Game Organizer\MvcPresentation\Controllers\ManageController.cs(138,9): error CS0656: Missing compiler required member 'Microsoft.CodeAnalysis.Runtime.Instrumentation.CreatePayload'
[22:19:39.654 Verbose] - BuildManager - C:\Users\HARIN\source\repos\Capstone-2023-EVE\Extremely Casual Game Organizer\MvcPresentation\Controllers\ManageController.cs(138,9): error CS0656: Missing compiler required member 'Microsoft.CodeAnalysis.Runtime.Instrumentation.CreatePayload'
[22:19:39.654 Verbose] - BuildManager - C:\Users\HARIN\source\repos\Capstone-2023-EVE\Extremely Casual Game Organizer\MvcPresentation\Controllers\AccountController.cs(279,9): error CS0656: Missing compiler required member 'Microsoft.CodeAnalysis.Runtime.Instrumentation.CreatePayload'
[22:19:39.654 Verbose] - BuildManager - C:\Users\HARIN\source\repos\Capstone-2023-EVE\Extremely Casual Game Organizer\MvcPresentation\Controllers\AccountController.cs(279,9): error CS0656: Missing compiler required member 'Microsoft.CodeAnalysis.Runtime.Instrumentation.CreatePayload'
[22:19:39.654 Verbose] - BuildManager - C:\Users\HARIN\source\repos\Capstone-2023-EVE\Extremely Casual Game Organizer\MvcPresentation\Controllers\AccountController.cs(292,9): error CS0656: Missing compiler required member 'Microsoft.CodeAnalysis.Runtime.Instrumentation.CreatePayload'
[22:19:39.654 Verbose] - BuildManager - C:\Users\HARIN\source\repos\Capstone-2023-EVE\Extremely Casual Game Organizer\MvcPresentation\Controllers\AccountController.cs(292,9): error CS0656: Missing compiler required member 'Microsoft.CodeAnalysis.Runtime.Instrumentation.CreatePayload'
[22:19:39.654 Verbose] - BuildManager - C:\Users\HARIN\source\repos\Capstone-2023-EVE\Extremely Casual Game Organizer\MvcPresentation\Controllers\GamesController.cs(38,9): error CS0656: Missing compiler required member 'Microsoft.CodeAnalysis.Runtime.Instrumentation.CreatePayload'
[22:19:39.654 Verbose] - BuildManager - C:\Users\HARIN\source\repos\Capstone-2023-EVE\Extremely Casual Game Organizer\MvcPresentation\Controllers\GamesController.cs(38,9): error CS0656: Missing compiler required member 'Microsoft.CodeAnalysis.Runtime.Instrumentation.CreatePayload'
[22:19:39.654 Verbose] - BuildManager - C:\Users\HARIN\source\repos\Capstone-2023-EVE\Extremely Casual Game Organizer\MvcPresentation\Controllers\GamesController.cs(95,9): error CS0656: Missing compiler required member 'Microsoft.CodeAnalysis.Runtime.Instrumentation.CreatePayload'
[22:19:39.654 Verbose] - BuildManager - C:\Users\HARIN\source\repos\Capstone-2023-EVE\Extremely Casual Game Organizer\MvcPresentation\Controllers\GamesController.cs(95,9): error CS0656: Missing compiler required member 'Microsoft.CodeAnalysis.Runtime.Instrumentation.CreatePayload'
[22:19:39.654 Verbose] - BuildManager - C:\Users\HARIN\source\repos\Capstone-2023-EVE\Extremely Casual Game Organizer\MvcPresentation\Controllers\GamesController.cs(102,9): error CS0656: Missing compiler required member 'Microsoft.CodeAnalysis.Runtime.Instrumentation.CreatePayload'
[22:19:39.654 Verbose] - BuildManager - C:\Users\HARIN\source\repos\Capstone-2023-EVE\Extremely Casual Game Organizer\MvcPresentation\Controllers\GamesController.cs(102,9): error CS0656: Missing compiler required member 'Microsoft.CodeAnalysis.Runtime.Instrumentation.CreatePayload'
[22:19:39.654 Verbose] - BuildManager - C:\Users\HARIN\source\repos\Capstone-2023-EVE\Extremely Casual Game Organizer\MvcPresentation\Controllers\GamesController.cs(117,9): error CS0656: Missing compiler required member 'Microsoft.CodeAnalysis.Runtime.Instrumentation.CreatePayload'
[22:19:39.654 Verbose] - BuildManager - C:\Users\HARIN\source\repos\Capstone-2023-EVE\Extremely Casual Game Organizer\MvcPresentation\Controllers\GamesController.cs(117,9): error CS0656: Missing compiler required member 'Microsoft.CodeAnalysis.Runtime.Instrumentation.CreatePayload'
[22:19:39.654 Verbose] - BuildManager - C:\Users\HARIN\source\repos\Capstone-2023-EVE\Extremely Casual Game Organizer\MvcPresentation\Controllers\GamesController.cs(124,9): error CS0656: Missing compiler required member 'Microsoft.CodeAnalysis.Runtime.Instrumentation.CreatePayload'
[22:19:39.654 Verbose] - BuildManager - C:\Users\HARIN\source\repos\Capstone-2023-EVE\Extremely Casual Game Organizer\MvcPresentation\Controllers\GamesController.cs(124,9): error CS0656: Missing compiler required member 'Microsoft.CodeAnalysis.Runtime.Instrumentation.CreatePayload'
[22:19:39.654 Verbose] - BuildManager - C:\Users\HARIN\source\repos\Capstone-2023-EVE\Extremely Casual Game Organizer\MvcPresentation\Controllers\ManageController.cs(153,9): error CS0656: Missing compiler required member 'Microsoft.CodeAnalysis.Runtime.Instrumentation.CreatePayload'
[22:19:39.654 Verbose] - BuildManager - C:\Users\HARIN\source\repos\Capstone-2023-EVE\Extremely Casual Game Organizer\MvcPresentation\Controllers\ManageController.cs(153,9): error CS0656: Missing compiler required member 'Microsoft.CodeAnalysis.Runtime.Instrumentation.CreatePayload'
[22:19:39.654 Verbose] - BuildManager - C:\Users\HARIN\source\repos\Capstone-2023-EVE\Extremely Casual Game Organizer\MvcPresentation\Controllers\GamesController.cs(139,9): error CS0656: Missing compiler required member 'Microsoft.CodeAnalysis.Runtime.Instrumentation.CreatePayload'
[22:19:39.654 Verbose] - BuildManager - C:\Users\HARIN\source\repos\Capstone-2023-EVE\Extremely Casual Game Organizer\MvcPresentation\Controllers\GamesController.cs(139,9): error CS0656: Missing compiler required member 'Microsoft.CodeAnalysis.Runtime.Instrumentation.CreatePayload'
[22:19:39.654 Verbose] - BuildManager - C:\Users\HARIN\source\repos\Capstone-2023-EVE\Extremely Casual Game Organizer\MvcPresentation\Controllers\GamesController.cs(146,9): error CS0656: Missing compiler required member 'Microsoft.CodeAnalysis.Runtime.Instrumentation.CreatePayload'
[22:19:39.654 Verbose] - BuildManager - C:\Users\HARIN\source\repos\Capstone-2023-EVE\Extremely Casual Game Organizer\MvcPresentation\Controllers\GamesController.cs(146,9): error CS0656: Missing compiler required member 'Microsoft.CodeAnalysis.Runtime.Instrumentation.CreatePayload'
[22:19:39.654 Verbose] - BuildManager - C:\Users\HARIN\source\repos\Capstone-2023-EVE\Extremely Casual Game Organizer\MvcPresentation\Controllers\AccountController.cs(302,9): error CS0656: Missing compiler required member 'Microsoft.CodeAnalysis.Runtime.Instrumentation.CreatePayload'
[22:19:39.654 Verbose] - BuildManager - C:\Users\HARIN\source\repos\Capstone-2023-EVE\Extremely Casual Game Organizer\MvcPresentation\Controllers\AccountController.cs(302,9): error CS0656: Missing compiler required member 'Microsoft.CodeAnalysis.Runtime.Instrumentation.CreatePayload'
[22:19:39.654 Verbose] - BuildManager - C:\Users\HARIN\source\repos\Capstone-2023-EVE\Extremely Casual Game Organizer\MvcPresentation\Controllers\AccountController.cs(328,9): error CS0656: Missing compiler required member 'Microsoft.CodeAnalysis.Runtime.Instrumentation.CreatePayload'
[22:19:39.654 Verbose] - BuildManager - C:\Users\HARIN\source\repos\Capstone-2023-EVE\Extremely Casual Game Organizer\MvcPresentation\Controllers\AccountController.cs(328,9): error CS0656: Missing compiler required member 'Microsoft.CodeAnalysis.Runtime.Instrumentation.CreatePayload'
[22:19:39.654 Verbose] - BuildManager - C:\Users\HARIN\source\repos\Capstone-2023-EVE\Extremely Casual Game Organizer\MvcPresentation\Controllers\TournamentsController.cs(343,9): error CS0656: Missing compiler required member 'Microsoft.CodeAnalysis.Runtime.Instrumentation.CreatePayload'
[22:19:39.654 Verbose] - BuildManager - C:\Users\HARIN\source\repos\Capstone-2023-EVE\Extremely Casual Game Organizer\MvcPresentation\Controllers\TournamentsController.cs(343,9): error CS0656: Missing compiler required member 'Microsoft.CodeAnalysis.Runtime.Instrumentation.CreatePayload'
[22:19:39.654 Verbose] - BuildManager - C:\Users\HARIN\source\repos\Capstone-2023-EVE\Extremely Casual Game Organizer\MvcPresentation\Controllers\AccountController.cs(336,9): error CS0656: Missing compiler required member 'Microsoft.CodeAnalysis.Runtime.Instrumentation.CreatePayload'
[22:19:39.654 Verbose] - BuildManager - C:\Users\HARIN\source\repos\Capstone-2023-EVE\Extremely Casual Game Organizer\MvcPresentation\Controllers\AccountController.cs(336,9): error CS0656: Missing compiler required member 'Microsoft.CodeAnalysis.Runtime.Instrumentation.CreatePayload'
[22:19:39.654 Verbose] - BuildManager - C:\Users\HARIN\source\repos\Capstone-2023-EVE\Extremely Casual Game Organizer\MvcPresentation\Controllers\ManageController.cs(166,9): error CS0656: Missing compiler required member 'Microsoft.CodeAnalysis.Runtime.Instrumentation.CreatePayload'
[22:19:39.654 Verbose] - BuildManager - C:\Users\HARIN\source\repos\Capstone-2023-EVE\Extremely Casual Game Organizer\MvcPresentation\Controllers\ManageController.cs(166,9): error CS0656: Missing compiler required member 'Microsoft.CodeAnalysis.Runtime.Instrumentation.CreatePayload'
[22:19:39.654 Verbose] - BuildManager - C:\Users\HARIN\source\repos\Capstone-2023-EVE\Extremely Casual Game Organizer\MvcPresentation\Controllers\TournamentsController.cs(378,9): error CS0656: Missing compiler required member 'Microsoft.CodeAnalysis.Runtime.Instrumentation.CreatePayload'
[22:19:39.654 Verbose] - BuildManager - C:\Users\HARIN\source\repos\Capstone-2023-EVE\Extremely Casual Game Organizer\MvcPresentation\Controllers\TournamentsController.cs(378,9): error CS0656: Missing compiler required member 'Microsoft.CodeAnalysis.Runtime.Instrumentation.CreatePayload'
[22:19:39.654 Verbose] - BuildManager - C:\Users\HARIN\source\repos\Capstone-2023-EVE\Extremely Casual Game Organizer\MvcPresentation\Controllers\TournamentsController.cs(415,9): error CS0656: Missing compiler required member 'Microsoft.CodeAnalysis.Runtime.Instrumentation.CreatePayload'
[22:19:39.654 Verbose] - BuildManager - C:\Users\HARIN\source\repos\Capstone-2023-EVE\Extremely Casual Game Organizer\MvcPresentation\Controllers\TournamentsController.cs(415,9): error CS0656: Missing compiler required member 'Microsoft.CodeAnalysis.Runtime.Instrumentation.CreatePayload'
[22:19:39.654 Verbose] - BuildManager - C:\Users\HARIN\source\repos\Capstone-2023-EVE\Extremely Casual Game Organizer\MvcPresentation\Controllers\AccountController.cs(346,9): error CS0656: Missing compiler required member 'Microsoft.CodeAnalysis.Runtime.Instrumentation.CreatePayload'
[22:19:39.654 Verbose] - BuildManager - C:\Users\HARIN\source\repos\Capstone-2023-EVE\Extremely Casual Game Organizer\MvcPresentation\Controllers\AccountController.cs(346,9): error CS0656: Missing compiler required member 'Microsoft.CodeAnalysis.Runtime.Instrumentation.CreatePayload'
[22:19:39.654 Verbose] - BuildManager - C:\Users\HARIN\source\repos\Capstone-2023-EVE\Extremely Casual Game Organizer\MvcPresentation\Controllers\AccountController.cs(370,9): error CS0656: Missing compiler required member 'Microsoft.CodeAnalysis.Runtime.Instrumentation.CreatePayload'
[22:19:39.654 Verbose] - BuildManager - C:\Users\HARIN\source\repos\Capstone-2023-EVE\Extremely Casual Game Organizer\MvcPresentation\Controllers\AccountController.cs(370,9): error CS0656: Missing compiler required member 'Microsoft.CodeAnalysis.Runtime.Instrumentation.CreatePayload'
[22:19:39.654 Verbose] - BuildManager - C:\Users\HARIN\source\repos\Capstone-2023-EVE\Extremely Casual Game Organizer\MvcPresentation\Controllers\ManageController.cs(177,9): error CS0656: Missing compiler required member 'Microsoft.CodeAnalysis.Runtime.Instrumentation.CreatePayload'
[22:19:39.654 Verbose] - BuildManager - C:\Users\HARIN\source\repos\Capstone-2023-EVE\Extremely Casual Game Organizer\MvcPresentation\Controllers\ManageController.cs(177,9): error CS0656: Missing compiler required member 'Microsoft.CodeAnalysis.Runtime.Instrumentation.CreatePayload'
[22:19:39.654 Verbose] - BuildManager - C:\Users\HARIN\source\repos\Capstone-2023-EVE\Extremely Casual Game Organizer\MvcPresentation\Controllers\AccountController.cs(380,9): error CS0656: Missing compiler required member 'Microsoft.CodeAnalysis.Runtime.Instrumentation.CreatePayload'
[22:19:39.654 Verbose] - BuildManager - C:\Users\HARIN\source\repos\Capstone-2023-EVE\Extremely Casual Game Organizer\MvcPresentation\Controllers\TournamentsController.cs(450,9): error CS0656: Missing compiler required member 'Microsoft.CodeAnalysis.Runtime.Instrumentation.CreatePayload'
[22:19:39.654 Verbose] - BuildManager - C:\Users\HARIN\source\repos\Capstone-2023-EVE\Extremely Casual Game Organizer\MvcPresentation\Controllers\AccountController.cs(380,9): error CS0656: Missing compiler required member 'Microsoft.CodeAnalysis.Runtime.Instrumentation.CreatePayload'
[22:19:39.654 Verbose] - BuildManager - C:\Users\HARIN\source\repos\Capstone-2023-EVE\Extremely Casual Game Organizer\MvcPresentation\Controllers\TournamentsController.cs(450,9): error CS0656: Missing compiler required member 'Microsoft.CodeAnalysis.Runtime.Instrumentation.CreatePayload'
[22:19:39.654 Verbose] - BuildManager - C:\Users\HARIN\source\repos\Capstone-2023-EVE\Extremely Casual Game Organizer\MvcPresentation\Controllers\TournamentsController.cs(468,9): error CS0656: Missing compiler required member 'Microsoft.CodeAnalysis.Runtime.Instrumentation.CreatePayload'
[22:19:39.654 Verbose] - BuildManager - C:\Users\HARIN\source\repos\Capstone-2023-EVE\Extremely Casual Game Organizer\MvcPresentation\Controllers\TournamentsController.cs(468,9): error CS0656: Missing compiler required member 'Microsoft.CodeAnalysis.Runtime.Instrumentation.CreatePayload'
[22:19:39.654 Verbose] - BuildManager - C:\Users\HARIN\source\repos\Capstone-2023-EVE\Extremely Casual Game Organizer\MvcPresentation\Controllers\ManageController.cs(202,9): error CS0656: Missing compiler required member 'Microsoft.CodeAnalysis.Runtime.Instrumentation.CreatePayload'
[22:19:39.654 Verbose] - BuildManager - C:\Users\HARIN\source\repos\Capstone-2023-EVE\Extremely Casual Game Organizer\MvcPresentation\Controllers\ManageController.cs(202,9): error CS0656: Missing compiler required member 'Microsoft.CodeAnalysis.Runtime.Instrumentation.CreatePayload'
[22:19:39.654 Verbose] - BuildManager - C:\Users\HARIN\source\repos\Capstone-2023-EVE\Extremely Casual Game Organizer\MvcPresentation\Controllers\ManageController.cs(219,9): error CS0656: Missing compiler required member 'Microsoft.CodeAnalysis.Runtime.Instrumentation.CreatePayload'
[22:19:39.654 Verbose] - BuildManager - C:\Users\HARIN\source\repos\Capstone-2023-EVE\Extremely Casual Game Organizer\MvcPresentation\Controllers\ManageController.cs(219,9): error CS0656: Missing compiler required member 'Microsoft.CodeAnalysis.Runtime.Instrumentation.CreatePayload'
[22:19:39.654 Verbose] - BuildManager - C:\Users\HARIN\source\repos\Capstone-2023-EVE\Extremely Casual Game Organizer\MvcPresentation\Controllers\TournamentsController.cs(479,9): error CS0656: Missing compiler required member 'Microsoft.CodeAnalysis.Runtime.Instrumentation.CreatePayload'
[22:19:39.654 Verbose] - BuildManager - C:\Users\HARIN\source\repos\Capstone-2023-EVE\Extremely Casual Game Organizer\MvcPresentation\Controllers\TournamentsController.cs(479,9): error CS0656: Missing compiler required member 'Microsoft.CodeAnalysis.Runtime.Instrumentation.CreatePayload'
[22:19:39.654 Verbose] - BuildManager - C:\Users\HARIN\source\repos\Capstone-2023-EVE\Extremely Casual Game Organizer\MvcPresentation\Controllers\AccountController.cs(389,9): error CS0656: Missing compiler required member 'Microsoft.CodeAnalysis.Runtime.Instrumentation.CreatePayload'
[22:19:39.654 Verbose] - BuildManager - C:\Users\HARIN\source\repos\Capstone-2023-EVE\Extremely Casual Game Organizer\MvcPresentation\Controllers\AccountController.cs(389,9): error CS0656: Missing compiler required member 'Microsoft.CodeAnalysis.Runtime.Instrumentation.CreatePayload'
[22:19:39.654 Verbose] - BuildManager - C:\Users\HARIN\source\repos\Capstone-2023-EVE\Extremely Casual Game Organizer\MvcPresentation\Controllers\ManageController.cs(228,9): error CS0656: Missing compiler required member 'Microsoft.CodeAnalysis.Runtime.Instrumentation.CreatePayload'
[22:19:39.654 Verbose] - BuildManager - C:\Users\HARIN\source\repos\Capstone-2023-EVE\Extremely Casual Game Organizer\MvcPresentation\Controllers\ManageController.cs(228,9): error CS0656: Missing compiler required member 'Microsoft.CodeAnalysis.Runtime.Instrumentation.CreatePayload'
[22:19:39.654 Verbose] - BuildManager - C:\Users\HARIN\source\repos\Capstone-2023-EVE\Extremely Casual Game Organizer\MvcPresentation\Controllers\ManageController.cs(250,9): error CS0656: Missing compiler required member 'Microsoft.CodeAnalysis.Runtime.Instrumentation.CreatePayload'
[22:19:39.654 Verbose] - BuildManager - C:\Users\HARIN\source\repos\Capstone-2023-EVE\Extremely Casual Game Organizer\MvcPresentation\Controllers\ManageController.cs(250,9): error CS0656: Missing compiler required member 'Microsoft.CodeAnalysis.Runtime.Instrumentation.CreatePayload'
[22:19:39.654 Verbose] - BuildManager - C:\Users\HARIN\source\repos\Capstone-2023-EVE\Extremely Casual Game Organizer\MvcPresentation\Controllers\AccountController.cs(406,9): error CS0656: Missing compiler required member 'Microsoft.CodeAnalysis.Runtime.Instrumentation.CreatePayload'
[22:19:39.654 Verbose] - BuildManager - C:\Users\HARIN\source\repos\Capstone-2023-EVE\Extremely Casual Game Organizer\MvcPresentation\Controllers\AccountController.cs(406,9): error CS0656: Missing compiler required member 'Microsoft.CodeAnalysis.Runtime.Instrumentation.CreatePayload'
[22:19:39.654 Verbose] - BuildManager - C:\Users\HARIN\source\repos\Capstone-2023-EVE\Extremely Casual Game Organizer\MvcPresentation\Controllers\TournamentsController.cs(502,9): error CS0656: Missing compiler required member 'Microsoft.CodeAnalysis.Runtime.Instrumentation.CreatePayload'
[22:19:39.654 Verbose] - BuildManager - C:\Users\HARIN\source\repos\Capstone-2023-EVE\Extremely Casual Game Organizer\MvcPresentation\Controllers\TournamentsController.cs(502,9): error CS0656: Missing compiler required member 'Microsoft.CodeAnalysis.Runtime.Instrumentation.CreatePayload'
[22:19:39.654 Verbose] - BuildManager - C:\Users\HARIN\source\repos\Capstone-2023-EVE\Extremely Casual Game Organizer\MvcPresentation\Controllers\ManageController.cs(259,9): error CS0656: Missing compiler required member 'Microsoft.CodeAnalysis.Runtime.Instrumentation.CreatePayload'
[22:19:39.654 Verbose] - BuildManager - C:\Users\HARIN\source\repos\Capstone-2023-EVE\Extremely Casual Game Organizer\MvcPresentation\Controllers\ManageController.cs(259,9): error CS0656: Missing compiler required member 'Microsoft.CodeAnalysis.Runtime.Instrumentation.CreatePayload'
[22:19:39.654 Verbose] - BuildManager - C:\Users\HARIN\source\repos\Capstone-2023-EVE\Extremely Casual Game Organizer\MvcPresentation\Controllers\TournamentsController.cs(529,9): error CS0656: Missing compiler required member 'Microsoft.CodeAnalysis.Runtime.Instrumentation.CreatePayload'
[22:19:39.654 Verbose] - BuildManager - C:\Users\HARIN\source\repos\Capstone-2023-EVE\Extremely Casual Game Organizer\MvcPresentation\Controllers\TournamentsController.cs(529,9): error CS0656: Missing compiler required member 'Microsoft.CodeAnalysis.Runtime.Instrumentation.CreatePayload'
[22:19:39.654 Verbose] - BuildManager - C:\Users\HARIN\source\repos\Capstone-2023-EVE\Extremely Casual Game Organizer\MvcPresentation\Controllers\TournamentsController.cs(11,5): error CS0656: Missing compiler required member 'Microsoft.CodeAnalysis.Runtime.Instrumentation.CreatePayload'
[22:19:39.654 Verbose] - BuildManager - C:\Users\HARIN\source\repos\Capstone-2023-EVE\Extremely Casual Game Organizer\MvcPresentation\Controllers\TournamentsController.cs(11,5): error CS0656: Missing compiler required member 'Microsoft.CodeAnalysis.Runtime.Instrumentation.CreatePayload'
[22:19:39.654 Verbose] - BuildManager - C:\Users\HARIN\source\repos\Capstone-2023-EVE\Extremely Casual Game Organizer\MvcPresentation\Controllers\AccountController.cs(424,9): error CS0656: Missing compiler required member 'Microsoft.CodeAnalysis.Runtime.Instrumentation.CreatePayload'
[22:19:39.654 Verbose] - BuildManager - C:\Users\HARIN\source\repos\Capstone-2023-EVE\Extremely Casual Game Organizer\MvcPresentation\Controllers\AccountController.cs(424,9): error CS0656: Missing compiler required member 'Microsoft.CodeAnalysis.Runtime.Instrumentation.CreatePayload'
[22:19:39.654 Verbose] - BuildManager - C:\Users\HARIN\source\repos\Capstone-2023-EVE\Extremely Casual Game Organizer\MvcPresentation\Controllers\ManageController.cs(282,9): error CS0656: Missing compiler required member 'Microsoft.CodeAnalysis.Runtime.Instrumentation.CreatePayload'
[22:19:39.654 Verbose] - BuildManager - C:\Users\HARIN\source\repos\Capstone-2023-EVE\Extremely Casual Game Organizer\MvcPresentation\Controllers\ManageController.cs(282,9): error CS0656: Missing compiler required member 'Microsoft.CodeAnalysis.Runtime.Instrumentation.CreatePayload'
[22:19:39.654 Verbose] - BuildManager - C:\Users\HARIN\source\repos\Capstone-2023-EVE\Extremely Casual Game Organizer\MvcPresentation\Controllers\ManageController.cs(307,9): error CS0656: Missing compiler required member 'Microsoft.CodeAnalysis.Runtime.Instrumentation.CreatePayload'
[22:19:39.654 Verbose] - BuildManager - C:\Users\HARIN\source\repos\Capstone-2023-EVE\Extremely Casual Game Organizer\MvcPresentation\Controllers\ManageController.cs(307,9): error CS0656: Missing compiler required member 'Microsoft.CodeAnalysis.Runtime.Instrumentation.CreatePayload'
[22:19:39.654 Verbose] - BuildManager - C:\Users\HARIN\source\repos\Capstone-2023-EVE\Extremely Casual Game Organizer\MvcPresentation\Controllers\AccountController.cs(456,9): error CS0656: Missing compiler required member 'Microsoft.CodeAnalysis.Runtime.Instrumentation.CreatePayload'
[22:19:39.654 Verbose] - BuildManager - C:\Users\HARIN\source\repos\Capstone-2023-EVE\Extremely Casual Game Organizer\MvcPresentation\Controllers\AccountController.cs(456,9): error CS0656: Missing compiler required member 'Microsoft.CodeAnalysis.Runtime.Instrumentation.CreatePayload'
[22:19:39.654 Verbose] - BuildManager - C:\Users\HARIN\source\repos\Capstone-2023-EVE\Extremely Casual Game Organizer\MvcPresentation\Controllers\AccountController.cs(493,9): error CS0656: Missing compiler required member 'Microsoft.CodeAnalysis.Runtime.Instrumentation.CreatePayload'
[22:19:39.654 Verbose] - BuildManager - C:\Users\HARIN\source\repos\Capstone-2023-EVE\Extremely Casual Game Organizer\MvcPresentation\Controllers\AccountController.cs(493,9): error CS0656: Missing compiler required member 'Microsoft.CodeAnalysis.Runtime.Instrumentation.CreatePayload'
[22:19:39.654 Verbose] - BuildManager - C:\Users\HARIN\source\repos\Capstone-2023-EVE\Extremely Casual Game Organizer\MvcPresentation\Controllers\AccountController.cs(502,9): error CS0656: Missing compiler required member 'Microsoft.CodeAnalysis.Runtime.Instrumentation.CreatePayload'
[22:19:39.654 Verbose] - BuildManager - C:\Users\HARIN\source\repos\Capstone-2023-EVE\Extremely Casual Game Organizer\MvcPresentation\Controllers\AccountController.cs(502,9): error CS0656: Missing compiler required member 'Microsoft.CodeAnalysis.Runtime.Instrumentation.CreatePayload'
[22:19:39.654 Verbose] - BuildManager - C:\Users\HARIN\source\repos\Capstone-2023-EVE\Extremely Casual Game Organizer\MvcPresentation\Controllers\ManageController.cs(315,9): error CS0656: Missing compiler required member 'Microsoft.CodeAnalysis.Runtime.Instrumentation.CreatePayload'
[22:19:39.654 Verbose] - BuildManager - C:\Users\HARIN\source\repos\Capstone-2023-EVE\Extremely Casual Game Organizer\MvcPresentation\Controllers\ManageController.cs(315,9): error CS0656: Missing compiler required member 'Microsoft.CodeAnalysis.Runtime.Instrumentation.CreatePayload'
[22:19:39.654 Verbose] - BuildManager - C:\Users\HARIN\source\repos\Capstone-2023-EVE\Extremely Casual Game Organizer\MvcPresentation\Controllers\AccountController.cs(507,9): error CS0656: Missing compiler required member 'Microsoft.CodeAnalysis.Runtime.Instrumentation.CreatePayload'
[22:19:39.654 Verbose] - BuildManager - C:\Users\HARIN\source\repos\Capstone-2023-EVE\Extremely Casual Game Organizer\MvcPresentation\Controllers\AccountController.cs(507,9): error CS0656: Missing compiler required member 'Microsoft.CodeAnalysis.Runtime.Instrumentation.CreatePayload'
[22:19:39.654 Verbose] - BuildManager - C:\Users\HARIN\source\repos\Capstone-2023-EVE\Extremely Casual Game Organizer\MvcPresentation\Controllers\AccountController.cs(533,13): error CS0656: Missing compiler required member 'Microsoft.CodeAnalysis.Runtime.Instrumentation.CreatePayload'
[22:19:39.654 Verbose] - BuildManager - C:\Users\HARIN\source\repos\Capstone-2023-EVE\Extremely Casual Game Organizer\MvcPresentation\Controllers\AccountController.cs(533,13): error CS0656: Missing compiler required member 'Microsoft.CodeAnalysis.Runtime.Instrumentation.CreatePayload'
[22:19:39.654 Verbose] - BuildManager - C:\Users\HARIN\source\repos\Capstone-2023-EVE\Extremely Casual Game Organizer\MvcPresentation\Controllers\ManageController.cs(326,9): error CS0656: Missing compiler required member 'Microsoft.CodeAnalysis.Runtime.Instrumentation.CreatePayload'
[22:19:39.654 Verbose] - BuildManager - C:\Users\HARIN\source\repos\Capstone-2023-EVE\Extremely Casual Game Organizer\MvcPresentation\Controllers\ManageController.cs(326,9): error CS0656: Missing compiler required member 'Microsoft.CodeAnalysis.Runtime.Instrumentation.CreatePayload'
[22:19:39.654 Verbose] - BuildManager - C:\Users\HARIN\source\repos\Capstone-2023-EVE\Extremely Casual Game Organizer\MvcPresentation\Controllers\ManageController.cs(343,13): error CS0656: Missing compiler required member 'Microsoft.CodeAnalysis.Runtime.Instrumentation.CreatePayload'
[22:19:39.654 Verbose] - BuildManager - C:\Users\HARIN\source\repos\Capstone-2023-EVE\Extremely Casual Game Organizer\MvcPresentation\Controllers\ManageController.cs(343,13): error CS0656: Missing compiler required member 'Microsoft.CodeAnalysis.Runtime.Instrumentation.CreatePayload'
[22:19:39.654 Verbose] - BuildManager - C:\Users\HARIN\source\repos\Capstone-2023-EVE\Extremely Casual Game Organizer\MvcPresentation\Controllers\AccountController.cs(539,9): error CS0656: Missing compiler required member 'Microsoft.CodeAnalysis.Runtime.Instrumentation.CreatePayload'
[22:19:39.654 Verbose] - BuildManager - C:\Users\HARIN\source\repos\Capstone-2023-EVE\Extremely Casual Game Organizer\MvcPresentation\Controllers\AccountController.cs(539,9): error CS0656: Missing compiler required member 'Microsoft.CodeAnalysis.Runtime.Instrumentation.CreatePayload'
[22:19:39.654 Verbose] - BuildManager - C:\Users\HARIN\source\repos\Capstone-2023-EVE\Extremely Casual Game Organizer\MvcPresentation\Controllers\ManageController.cs(349,9): error CS0656: Missing compiler required member 'Microsoft.CodeAnalysis.Runtime.Instrumentation.CreatePayload'
[22:19:39.654 Verbose] - BuildManager - C:\Users\HARIN\source\repos\Capstone-2023-EVE\Extremely Casual Game Organizer\MvcPresentation\Controllers\ManageController.cs(349,9): error CS0656: Missing compiler required member 'Microsoft.CodeAnalysis.Runtime.Instrumentation.CreatePayload'
[22:19:39.654 Verbose] - BuildManager - C:\Users\HARIN\source\repos\Capstone-2023-EVE\Extremely Casual Game Organizer\MvcPresentation\Controllers\AccountController.cs(547,9): error CS0656: Missing compiler required member 'Microsoft.CodeAnalysis.Runtime.Instrumentation.CreatePayload'
[22:19:39.654 Verbose] - BuildManager - C:\Users\HARIN\source\repos\Capstone-2023-EVE\Extremely Casual Game Organizer\MvcPresentation\Controllers\AccountController.cs(547,9): error CS0656: Missing compiler required member 'Microsoft.CodeAnalysis.Runtime.Instrumentation.CreatePayload'
[22:19:39.654 Verbose] - BuildManager - C:\Users\HARIN\source\repos\Capstone-2023-EVE\Extremely Casual Game Organizer\MvcPresentation\Controllers\AccountController.cs(557,13): error CS0656: Missing compiler required member 'Microsoft.CodeAnalysis.Runtime.Instrumentation.CreatePayload'
[22:19:39.654 Verbose] - BuildManager - C:\Users\HARIN\source\repos\Capstone-2023-EVE\Extremely Casual Game Organizer\MvcPresentation\Controllers\AccountController.cs(557,13): error CS0656: Missing compiler required member 'Microsoft.CodeAnalysis.Runtime.Instrumentation.CreatePayload'
[22:19:39.654 Verbose] - BuildManager - C:\Users\HARIN\source\repos\Capstone-2023-EVE\Extremely Casual Game Organizer\MvcPresentation\Controllers\AccountController.cs(562,13): error CS0656: Missing compiler required member 'Microsoft.CodeAnalysis.Runtime.Instrumentation.CreatePayload'
[22:19:39.654 Verbose] - BuildManager - C:\Users\HARIN\source\repos\Capstone-2023-EVE\Extremely Casual Game Organizer\MvcPresentation\Controllers\AccountController.cs(562,13): error CS0656: Missing compiler required member 'Microsoft.CodeAnalysis.Runtime.Instrumentation.CreatePayload'
[22:19:39.654 Verbose] - BuildManager - C:\Users\HARIN\source\repos\Capstone-2023-EVE\Extremely Casual Game Organizer\MvcPresentation\Controllers\AccountController.cs(569,13): error CS0656: Missing compiler required member 'Microsoft.CodeAnalysis.Runtime.Instrumentation.CreatePayload'
[22:19:39.654 Verbose] - BuildManager - C:\Users\HARIN\source\repos\Capstone-2023-EVE\Extremely Casual Game Organizer\MvcPresentation\Controllers\AccountController.cs(569,13): error CS0656: Missing compiler required member 'Microsoft.CodeAnalysis.Runtime.Instrumentation.CreatePayload'
[22:19:39.654 Verbose] - BuildManager - C:\Users\HARIN\source\repos\Capstone-2023-EVE\Extremely Casual Game Organizer\MvcPresentation\Controllers\AccountController.cs(569,13): error CS0656: Missing compiler required member 'Microsoft.CodeAnalysis.Runtime.Instrumentation.CreatePayload'
[22:19:39.654 Verbose] - BuildManager - C:\Users\HARIN\source\repos\Capstone-2023-EVE\Extremely Casual Game Organizer\MvcPresentation\Controllers\AccountController.cs(569,13): error CS0656: Missing compiler required member 'Microsoft.CodeAnalysis.Runtime.Instrumentation.CreatePayload'
[22:19:39.654 Verbose] - BuildManager - C:\Users\HARIN\source\repos\Capstone-2023-EVE\Extremely Casual Game Organizer\MvcPresentation\Controllers\AccountController.cs(570,13): error CS0656: Missing compiler required member 'Microsoft.CodeAnalysis.Runtime.Instrumentation.CreatePayload'
[22:19:39.654 Verbose] - BuildManager - C:\Users\HARIN\source\repos\Capstone-2023-EVE\Extremely Casual Game Organizer\MvcPresentation\Controllers\AccountController.cs(570,13): error CS0656: Missing compiler required member 'Microsoft.CodeAnalysis.Runtime.Instrumentation.CreatePayload'
[22:19:39.654 Verbose] - BuildManager - C:\Users\HARIN\source\repos\Capstone-2023-EVE\Extremely Casual Game Organizer\MvcPresentation\Controllers\AccountController.cs(570,13): error CS0656: Missing compiler required member 'Microsoft.CodeAnalysis.Runtime.Instrumentation.CreatePayload'
[22:19:39.654 Verbose] - BuildManager - C:\Users\HARIN\source\repos\Capstone-2023-EVE\Extremely Casual Game Organizer\MvcPresentation\Controllers\AccountController.cs(570,13): error CS0656: Missing compiler required member 'Microsoft.CodeAnalysis.Runtime.Instrumentation.CreatePayload'
[22:19:39.654 Verbose] - BuildManager - C:\Users\HARIN\source\repos\Capstone-2023-EVE\Extremely Casual Game Organizer\MvcPresentation\Controllers\AccountController.cs(571,13): error CS0656: Missing compiler required member 'Microsoft.CodeAnalysis.Runtime.Instrumentation.CreatePayload'
[22:19:39.654 Verbose] - BuildManager - C:\Users\HARIN\source\repos\Capstone-2023-EVE\Extremely Casual Game Organizer\MvcPresentation\Controllers\AccountController.cs(571,13): error CS0656: Missing compiler required member 'Microsoft.CodeAnalysis.Runtime.Instrumentation.CreatePayload'
[22:19:39.654 Verbose] - BuildManager - C:\Users\HARIN\source\repos\Capstone-2023-EVE\Extremely Casual Game Organizer\MvcPresentation\Controllers\AccountController.cs(571,13): error CS0656: Missing compiler required member 'Microsoft.CodeAnalysis.Runtime.Instrumentation.CreatePayload'
[22:19:39.654 Verbose] - BuildManager - C:\Users\HARIN\source\repos\Capstone-2023-EVE\Extremely Casual Game Organizer\MvcPresentation\Controllers\AccountController.cs(571,13): error CS0656: Missing compiler required member 'Microsoft.CodeAnalysis.Runtime.Instrumentation.CreatePayload'
[22:19:39.654 Verbose] - BuildManager - C:\Users\HARIN\source\repos\Capstone-2023-EVE\Extremely Casual Game Organizer\MvcPresentation\Controllers\ManageController.cs(357,9): error CS0656: Missing compiler required member 'Microsoft.CodeAnalysis.Runtime.Instrumentation.CreatePayload'
[22:19:39.654 Verbose] - BuildManager - C:\Users\HARIN\source\repos\Capstone-2023-EVE\Extremely Casual Game Organizer\MvcPresentation\Controllers\ManageController.cs(357,9): error CS0656: Missing compiler required member 'Microsoft.CodeAnalysis.Runtime.Instrumentation.CreatePayload'
[22:19:39.654 Verbose] - BuildManager - C:\Users\HARIN\source\repos\Capstone-2023-EVE\Extremely Casual Game Organizer\MvcPresentation\Controllers\AccountController.cs(574,13): error CS0656: Missing compiler required member 'Microsoft.CodeAnalysis.Runtime.Instrumentation.CreatePayload'
[22:19:39.654 Verbose] - BuildManager - C:\Users\HARIN\source\repos\Capstone-2023-EVE\Extremely Casual Game Organizer\MvcPresentation\Controllers\AccountController.cs(574,13): error CS0656: Missing compiler required member 'Microsoft.CodeAnalysis.Runtime.Instrumentation.CreatePayload'
[22:19:39.654 Verbose] - BuildManager - C:\Users\HARIN\source\repos\Capstone-2023-EVE\Extremely Casual Game Organizer\MvcPresentation\Controllers\ManageController.cs(367,9): error CS0656: Missing compiler required member 'Microsoft.CodeAnalysis.Runtime.Instrumentation.CreatePayload'
[22:19:39.654 Verbose] - BuildManager - C:\Users\HARIN\source\repos\Capstone-2023-EVE\Extremely Casual Game Organizer\MvcPresentation\Controllers\ManageController.cs(367,9): error CS0656: Missing compiler required member 'Microsoft.CodeAnalysis.Runtime.Instrumentation.CreatePayload'
[22:19:39.655 Verbose] - BuildManager - C:\Program Files (x86)\Microsoft Visual Studio\2019\Enterprise\MSBuild\Current\Bin\Roslyn\Microsoft.CSharp.Core.targets(71,5): error MSB4181: The "Csc" task returned false but did not log an error.
[22:19:39.658 Verbose] - BuildManager - Some of the file paths defined in the csproj under the Live Unit Testing build path are missing. Verify whether these files should be present under the Live Unit Testing build path and if necessary update the csproj definition to look these files up in a different place.
[22:19:39.675 Verbose] - BuildManager - Item _OutputPathItem 'C:\Users\HARIN\source\repos\Capstone-2023-EVE\Extremely Casual Game Organizer\.vs\Extremely Casual Game Organizer\v16\lut\0\b\MvcPresentation\bin\' evaluated via:
_OutputPathItem: '$(OutDir)' @ C:\Program Files (x86)\Microsoft Visual Studio\2019\Enterprise\MSBuild\Current\Bin\Microsoft.Common.CurrentVersion.targets:310
  OutDir: 'C:\Users\HARIN\source\repos\Capstone-2023-EVE\Extremely Casual Game Organizer\.vs\Extremely Casual Game Organizer\v16\lut\0\b\MvcPresentation\bin\' @ C:\Users\HARIN\source\repos\Capstone-2023-EVE\Extremely Casual Game Organizer\MvcPresentation\MvcPresentation.csproj:0
[22:19:39.675 Verbose] - BuildManager - Item _DebugSymbolsOutputPath 'C:\Users\HARIN\source\repos\Capstone-2023-EVE\Extremely Casual Game Organizer\.vs\Extremely Casual Game Organizer\v16\lut\0\b\MvcPresentation\bin\MvcPresentation.pdb' evaluated via:
_DebugSymbolsOutputPath: '@(_DebugSymbolsIntermediatePath->'$(OutDir)%(Filename)%(Extension)')' @ C:\Program Files (x86)\Microsoft Visual Studio\2019\Enterprise\MSBuild\Current\Bin\Microsoft.Common.CurrentVersion.targets:404
  OutDir: 'C:\Users\HARIN\source\repos\Capstone-2023-EVE\Extremely Casual Game Organizer\.vs\Extremely Casual Game Organizer\v16\lut\0\b\MvcPresentation\bin\' @ C:\Users\HARIN\source\repos\Capstone-2023-EVE\Extremely Casual Game Organizer\MvcPresentation\MvcPresentation.csproj:0
[22:19:39.675 Verbose] - BuildManager - Item _ApplicationManifestFinal 'C:\Users\HARIN\source\repos\Capstone-2023-EVE\Extremely Casual Game Organizer\.vs\Extremely Casual Game Organizer\v16\lut\0\b\MvcPresentation\bin\Native.MvcPresentation.manifest' evaluated via:
_ApplicationManifestFinal: '$(OutDir)$(_DeploymentTargetApplicationManifestFileName)' @ C:\Program Files (x86)\Microsoft Visual Studio\2019\Enterprise\MSBuild\Current\Bin\Microsoft.Common.CurrentVersion.targets:442
  OutDir: 'C:\Users\HARIN\source\repos\Capstone-2023-EVE\Extremely Casual Game Organizer\.vs\Extremely Casual Game Organizer\v16\lut\0\b\MvcPresentation\bin\' @ C:\Users\HARIN\source\repos\Capstone-2023-EVE\Extremely Casual Game Organizer\MvcPresentation\MvcPresentation.csproj:0
  _DeploymentTargetApplicationManifestFileName: 'Native.$(AssemblyName).manifest' @ C:\Program Files (x86)\Microsoft Visual Studio\2019\Enterprise\MSBuild\Current\Bin\Microsoft.Common.CurrentVersion.targets:264
    AssemblyName: 'MvcPresentation' @ C:\Users\HARIN\source\repos\Capstone-2023-EVE\Extremely Casual Game Organizer\MvcPresentation\MvcPresentation.csproj:16
